2020-05-11 20:23:59.586 DEBUG 43701 --- [main] .c.l.ClasspathLoggingApplicationListener : Application started with classpath: [jar:file:/Users/ilankleiman/Desktop/Development/CSE416Project/backend/build/libs/rest-service-0.0.1-SNAPSHOT.jar!/BOOT-INF/classes!/, jar:file:/Users/ilankleiman/Desktop/Development/CSE416Project/backend/build/libs/rest-service-0.0.1-SNAPSHOT.jar!/BOOT-INF/lib/spring-boot-starter-data-jpa-2.2.0.RELEASE.jar!/, jar:file:/Users/ilankleiman/Desktop/Development/CSE416Project/backend/build/libs/rest-service-0.0.1-SNAPSHOT.jar!/BOOT-INF/lib/gson-2.8.6.jar!/, jar:file:/Users/ilankleiman/Desktop/Development/CSE416Project/backend/build/libs/rest-service-0.0.1-SNAPSHOT.jar!/BOOT-INF/lib/javax.persistence-api-2.2.jar!/, jar:file:/Users/ilankleiman/Desktop/Development/CSE416Project/backend/build/libs/rest-service-0.0.1-SNAPSHOT.jar!/BOOT-INF/lib/mysql-connector-java-8.0.19.jar!/, jar:file:/Users/ilankleiman/Desktop/Development/CSE416Project/backend/build/libs/rest-service-0.0.1-SNAPSHOT.jar!/BOOT-INF/lib/spring-boot-starter-web-2.2.0.RELEASE.jar!/, jar:file:/Users/ilankleiman/Desktop/Development/CSE416Project/backend/build/libs/rest-service-0.0.1-SNAPSHOT.jar!/BOOT-INF/lib/spring-boot-starter-aop-2.2.0.RELEASE.jar!/, jar:file:/Users/ilankleiman/Desktop/Development/CSE416Project/backend/build/libs/rest-service-0.0.1-SNAPSHOT.jar!/BOOT-INF/lib/spring-boot-starter-jdbc-2.2.0.RELEASE.jar!/, jar:file:/Users/ilankleiman/Desktop/Development/CSE416Project/backend/build/libs/rest-service-0.0.1-SNAPSHOT.jar!/BOOT-INF/lib/hibernate-core-5.4.6.Final.jar!/, jar:file:/Users/ilankleiman/Desktop/Development/CSE416Project/backend/build/libs/rest-service-0.0.1-SNAPSHOT.jar!/BOOT-INF/lib/jaxb-runtime-2.3.2.jar!/, jar:file:/Users/ilankleiman/Desktop/Development/CSE416Project/backend/build/libs/rest-service-0.0.1-SNAPSHOT.jar!/BOOT-INF/lib/stax-ex-1.8.1.jar!/, jar:file:/Users/ilankleiman/Desktop/Development/CSE416Project/backend/build/libs/rest-service-0.0.1-SNAPSHOT.jar!/BOOT-INF/lib/jakarta.xml.bind-api-2.3.2.jar!/, jar:file:/Users/ilankleiman/Desktop/Development/CSE416Project/backend/build/libs/rest-service-0.0.1-SNAPSHOT.jar!/BOOT-INF/lib/istack-commons-runtime-3.0.8.jar!/, jar:file:/Users/ilankleiman/Desktop/Development/CSE416Project/backend/build/libs/rest-service-0.0.1-SNAPSHOT.jar!/BOOT-INF/lib/jakarta.activation-api-1.2.1.jar!/, jar:file:/Users/ilankleiman/Desktop/Development/CSE416Project/backend/build/libs/rest-service-0.0.1-SNAPSHOT.jar!/BOOT-INF/lib/jakarta.persistence-api-2.2.3.jar!/, jar:file:/Users/ilankleiman/Desktop/Development/CSE416Project/backend/build/libs/rest-service-0.0.1-SNAPSHOT.jar!/BOOT-INF/lib/jakarta.transaction-api-1.3.3.jar!/, jar:file:/Users/ilankleiman/Desktop/Development/CSE416Project/backend/build/libs/rest-service-0.0.1-SNAPSHOT.jar!/BOOT-INF/lib/spring-data-jpa-2.2.0.RELEASE.jar!/, jar:file:/Users/ilankleiman/Desktop/Development/CSE416Project/backend/build/libs/rest-service-0.0.1-SNAPSHOT.jar!/BOOT-INF/lib/spring-aspects-5.2.0.RELEASE.jar!/, jar:file:/Users/ilankleiman/Desktop/Development/CSE416Project/backend/build/libs/rest-service-0.0.1-SNAPSHOT.jar!/BOOT-INF/lib/spring-boot-starter-json-2.2.0.RELEASE.jar!/, jar:file:/Users/ilankleiman/Desktop/Development/CSE416Project/backend/build/libs/rest-service-0.0.1-SNAPSHOT.jar!/BOOT-INF/lib/spring-boot-starter-validation-2.2.0.RELEASE.jar!/, jar:file:/Users/ilankleiman/Desktop/Development/CSE416Project/backend/build/libs/rest-service-0.0.1-SNAPSHOT.jar!/BOOT-INF/lib/spring-boot-starter-2.2.0.RELEASE.jar!/, jar:file:/Users/ilankleiman/Desktop/Development/CSE416Project/backend/build/libs/rest-service-0.0.1-SNAPSHOT.jar!/BOOT-INF/lib/spring-boot-starter-tomcat-2.2.0.RELEASE.jar!/, jar:file:/Users/ilankleiman/Desktop/Development/CSE416Project/backend/build/libs/rest-service-0.0.1-SNAPSHOT.jar!/BOOT-INF/lib/spring-webmvc-5.2.0.RELEASE.jar!/, jar:file:/Users/ilankleiman/Desktop/Development/CSE416Project/backend/build/libs/rest-service-0.0.1-SNAPSHOT.jar!/BOOT-INF/lib/spring-web-5.2.0.RELEASE.jar!/, jar:file:/Users/ilankleiman/Desktop/Development/CSE416Project/backend/build/libs/rest-service-0.0.1-SNAPSHOT.jar!/BOOT-INF/lib/spring-boot-autoconfigure-2.2.0.RELEASE.jar!/, jar:file:/Users/ilankleiman/Desktop/Development/CSE416Project/backend/build/libs/rest-service-0.0.1-SNAPSHOT.jar!/BOOT-INF/lib/spring-boot-2.2.0.RELEASE.jar!/, jar:file:/Users/ilankleiman/Desktop/Development/CSE416Project/backend/build/libs/rest-service-0.0.1-SNAPSHOT.jar!/BOOT-INF/lib/spring-context-5.2.0.RELEASE.jar!/, jar:file:/Users/ilankleiman/Desktop/Development/CSE416Project/backend/build/libs/rest-service-0.0.1-SNAPSHOT.jar!/BOOT-INF/lib/spring-aop-5.2.0.RELEASE.jar!/, jar:file:/Users/ilankleiman/Desktop/Development/CSE416Project/backend/build/libs/rest-service-0.0.1-SNAPSHOT.jar!/BOOT-INF/lib/aspectjweaver-1.9.4.jar!/, jar:file:/Users/ilankleiman/Desktop/Development/CSE416Project/backend/build/libs/rest-service-0.0.1-SNAPSHOT.jar!/BOOT-INF/lib/HikariCP-3.4.1.jar!/, jar:file:/Users/ilankleiman/Desktop/Development/CSE416Project/backend/build/libs/rest-service-0.0.1-SNAPSHOT.jar!/BOOT-INF/lib/spring-orm-5.2.0.RELEASE.jar!/, jar:file:/Users/ilankleiman/Desktop/Development/CSE416Project/backend/build/libs/rest-service-0.0.1-SNAPSHOT.jar!/BOOT-INF/lib/spring-jdbc-5.2.0.RELEASE.jar!/, jar:file:/Users/ilankleiman/Desktop/Development/CSE416Project/backend/build/libs/rest-service-0.0.1-SNAPSHOT.jar!/BOOT-INF/lib/hibernate-commons-annotations-5.1.0.Final.jar!/, jar:file:/Users/ilankleiman/Desktop/Development/CSE416Project/backend/build/libs/rest-service-0.0.1-SNAPSHOT.jar!/BOOT-INF/lib/hibernate-validator-6.0.17.Final.jar!/, jar:file:/Users/ilankleiman/Desktop/Development/CSE416Project/backend/build/libs/rest-service-0.0.1-SNAPSHOT.jar!/BOOT-INF/lib/jboss-logging-3.4.1.Final.jar!/, jar:file:/Users/ilankleiman/Desktop/Development/CSE416Project/backend/build/libs/rest-service-0.0.1-SNAPSHOT.jar!/BOOT-INF/lib/javassist-3.24.0-GA.jar!/, jar:file:/Users/ilankleiman/Desktop/Development/CSE416Project/backend/build/libs/rest-service-0.0.1-SNAPSHOT.jar!/BOOT-INF/lib/byte-buddy-1.10.1.jar!/, jar:file:/Users/ilankleiman/Desktop/Development/CSE416Project/backend/build/libs/rest-service-0.0.1-SNAPSHOT.jar!/BOOT-INF/lib/antlr-2.7.7.jar!/, jar:file:/Users/ilankleiman/Desktop/Development/CSE416Project/backend/build/libs/rest-service-0.0.1-SNAPSHOT.jar!/BOOT-INF/lib/jandex-2.0.5.Final.jar!/, jar:file:/Users/ilankleiman/Desktop/Development/CSE416Project/backend/build/libs/rest-service-0.0.1-SNAPSHOT.jar!/BOOT-INF/lib/classmate-1.5.0.jar!/, jar:file:/Users/ilankleiman/Desktop/Development/CSE416Project/backend/build/libs/rest-service-0.0.1-SNAPSHOT.jar!/BOOT-INF/lib/dom4j-2.1.1.jar!/, jar:file:/Users/ilankleiman/Desktop/Development/CSE416Project/backend/build/libs/rest-service-0.0.1-SNAPSHOT.jar!/BOOT-INF/lib/spring-data-commons-2.2.0.RELEASE.jar!/, jar:file:/Users/ilankleiman/Desktop/Development/CSE416Project/backend/build/libs/rest-service-0.0.1-SNAPSHOT.jar!/BOOT-INF/lib/spring-tx-5.2.0.RELEASE.jar!/, jar:file:/Users/ilankleiman/Desktop/Development/CSE416Project/backend/build/libs/rest-service-0.0.1-SNAPSHOT.jar!/BOOT-INF/lib/spring-beans-5.2.0.RELEASE.jar!/, jar:file:/Users/ilankleiman/Desktop/Development/CSE416Project/backend/build/libs/rest-service-0.0.1-SNAPSHOT.jar!/BOOT-INF/lib/spring-expression-5.2.0.RELEASE.jar!/, jar:file:/Users/ilankleiman/Desktop/Development/CSE416Project/backend/build/libs/rest-service-0.0.1-SNAPSHOT.jar!/BOOT-INF/lib/spring-core-5.2.0.RELEASE.jar!/, jar:file:/Users/ilankleiman/Desktop/Development/CSE416Project/backend/build/libs/rest-service-0.0.1-SNAPSHOT.jar!/BOOT-INF/lib/spring-boot-starter-logging-2.2.0.RELEASE.jar!/, jar:file:/Users/ilankleiman/Desktop/Development/CSE416Project/backend/build/libs/rest-service-0.0.1-SNAPSHOT.jar!/BOOT-INF/lib/logback-classic-1.2.3.jar!/, jar:file:/Users/ilankleiman/Desktop/Development/CSE416Project/backend/build/libs/rest-service-0.0.1-SNAPSHOT.jar!/BOOT-INF/lib/log4j-to-slf4j-2.12.1.jar!/, jar:file:/Users/ilankleiman/Desktop/Development/CSE416Project/backend/build/libs/rest-service-0.0.1-SNAPSHOT.jar!/BOOT-INF/lib/jul-to-slf4j-1.7.28.jar!/, jar:file:/Users/ilankleiman/Desktop/Development/CSE416Project/backend/build/libs/rest-service-0.0.1-SNAPSHOT.jar!/BOOT-INF/lib/slf4j-api-1.7.28.jar!/, jar:file:/Users/ilankleiman/Desktop/Development/CSE416Project/backend/build/libs/rest-service-0.0.1-SNAPSHOT.jar!/BOOT-INF/lib/jakarta.annotation-api-1.3.5.jar!/, jar:file:/Users/ilankleiman/Desktop/Development/CSE416Project/backend/build/libs/rest-service-0.0.1-SNAPSHOT.jar!/BOOT-INF/lib/snakeyaml-1.25.jar!/, jar:file:/Users/ilankleiman/Desktop/Development/CSE416Project/backend/build/libs/rest-service-0.0.1-SNAPSHOT.jar!/BOOT-INF/lib/jackson-datatype-jdk8-2.10.0.jar!/, jar:file:/Users/ilankleiman/Desktop/Development/CSE416Project/backend/build/libs/rest-service-0.0.1-SNAPSHOT.jar!/BOOT-INF/lib/jackson-datatype-jsr310-2.10.0.jar!/, jar:file:/Users/ilankleiman/Desktop/Development/CSE416Project/backend/build/libs/rest-service-0.0.1-SNAPSHOT.jar!/BOOT-INF/lib/jackson-module-parameter-names-2.10.0.jar!/, jar:file:/Users/ilankleiman/Desktop/Development/CSE416Project/backend/build/libs/rest-service-0.0.1-SNAPSHOT.jar!/BOOT-INF/lib/jackson-databind-2.10.0.jar!/, jar:file:/Users/ilankleiman/Desktop/Development/CSE416Project/backend/build/libs/rest-service-0.0.1-SNAPSHOT.jar!/BOOT-INF/lib/tomcat-embed-websocket-9.0.27.jar!/, jar:file:/Users/ilankleiman/Desktop/Development/CSE416Project/backend/build/libs/rest-service-0.0.1-SNAPSHOT.jar!/BOOT-INF/lib/tomcat-embed-core-9.0.27.jar!/, jar:file:/Users/ilankleiman/Desktop/Development/CSE416Project/backend/build/libs/rest-service-0.0.1-SNAPSHOT.jar!/BOOT-INF/lib/tomcat-embed-el-9.0.27.jar!/, jar:file:/Users/ilankleiman/Desktop/Development/CSE416Project/backend/build/libs/rest-service-0.0.1-SNAPSHOT.jar!/BOOT-INF/lib/jakarta.validation-api-2.0.1.jar!/, jar:file:/Users/ilankleiman/Desktop/Development/CSE416Project/backend/build/libs/rest-service-0.0.1-SNAPSHOT.jar!/BOOT-INF/lib/txw2-2.3.2.jar!/, jar:file:/Users/ilankleiman/Desktop/Development/CSE416Project/backend/build/libs/rest-service-0.0.1-SNAPSHOT.jar!/BOOT-INF/lib/FastInfoset-1.2.16.jar!/, jar:file:/Users/ilankleiman/Desktop/Development/CSE416Project/backend/build/libs/rest-service-0.0.1-SNAPSHOT.jar!/BOOT-INF/lib/spring-jcl-5.2.0.RELEASE.jar!/, jar:file:/Users/ilankleiman/Desktop/Development/CSE416Project/backend/build/libs/rest-service-0.0.1-SNAPSHOT.jar!/BOOT-INF/lib/jackson-annotations-2.10.0.jar!/, jar:file:/Users/ilankleiman/Desktop/Development/CSE416Project/backend/build/libs/rest-service-0.0.1-SNAPSHOT.jar!/BOOT-INF/lib/jackson-core-2.10.0.jar!/, jar:file:/Users/ilankleiman/Desktop/Development/CSE416Project/backend/build/libs/rest-service-0.0.1-SNAPSHOT.jar!/BOOT-INF/lib/logback-core-1.2.3.jar!/, jar:file:/Users/ilankleiman/Desktop/Development/CSE416Project/backend/build/libs/rest-service-0.0.1-SNAPSHOT.jar!/BOOT-INF/lib/log4j-api-2.12.1.jar!/]
2020-05-11 20:23:59.684  INFO 43701 --- [main] c.e.restservice.RestServiceApplication   : Starting RestServiceApplication on Ilans-MacBook-Pro.local with PID 43701 (/Users/ilankleiman/Desktop/Development/CSE416Project/backend/build/libs/rest-service-0.0.1-SNAPSHOT.jar started by ilankleiman in /Users/ilankleiman/Desktop/Development/CSE416Project/backend)
2020-05-11 20:23:59.685  INFO 43701 --- [main] c.e.restservice.RestServiceApplication   : No active profile set, falling back to default profiles: default
2020-05-11 20:23:59.685 DEBUG 43701 --- [main] o.s.boot.SpringApplication               : Loading source class com.electiondataquality.restservice.RestServiceApplication
2020-05-11 20:23:59.731 DEBUG 43701 --- [main] o.s.b.c.c.ConfigFileApplicationListener  : Loaded config file 'jar:file:/Users/ilankleiman/Desktop/Development/CSE416Project/backend/build/libs/rest-service-0.0.1-SNAPSHOT.jar!/BOOT-INF/classes!/application.properties' (classpath:/application.properties)
2020-05-11 20:23:59.731 DEBUG 43701 --- [main] o.s.b.c.c.ConfigFileApplicationListener  : Loaded config file 'jar:file:/Users/ilankleiman/Desktop/Development/CSE416Project/backend/build/libs/rest-service-0.0.1-SNAPSHOT.jar!/BOOT-INF/classes!/application.yml' (classpath:/application.yml)
2020-05-11 20:23:59.731 DEBUG 43701 --- [main] ConfigServletWebServerApplicationContext : Refreshing org.springframework.boot.web.servlet.context.AnnotationConfigServletWebServerApplicationContext@3ab39c39
2020-05-11 20:24:00.199  INFO 43701 --- [main] .s.d.r.c.RepositoryConfigurationDelegate : Bootstrapping Spring Data repositories in DEFAULT mode.
2020-05-11 20:24:00.214 DEBUG 43701 --- [main] o.s.b.a.AutoConfigurationPackages        : @EnableAutoConfiguration was declared on a class in the package 'com.electiondataquality.restservice'. Automatic @Repository and @Entity scanning is enabled.
2020-05-11 20:24:00.217  INFO 43701 --- [main] .s.d.r.c.RepositoryConfigurationDelegate : Finished Spring Data repository scanning in 10ms. Found 0 repository interfaces.
2020-05-11 20:24:00.456  INFO 43701 --- [main] trationDelegate$BeanPostProcessorChecker : Bean 'org.springframework.transaction.annotation.ProxyTransactionManagementConfiguration' of type [org.springframework.transaction.annotation.ProxyTransactionManagementConfiguration] is not eligible for getting processed by all BeanPostProcessors (for example: not eligible for auto-proxying)
2020-05-11 20:24:00.686 DEBUG 43701 --- [main] .s.b.w.e.t.TomcatServletWebServerFactory : Code archive: /Users/ilankleiman/Desktop/Development/CSE416Project/backend/build/libs/rest-service-0.0.1-SNAPSHOT.jar
2020-05-11 20:24:00.687 DEBUG 43701 --- [main] .s.b.w.e.t.TomcatServletWebServerFactory : Code archive: /Users/ilankleiman/Desktop/Development/CSE416Project/backend/build/libs/rest-service-0.0.1-SNAPSHOT.jar
2020-05-11 20:24:00.687 DEBUG 43701 --- [main] .s.b.w.e.t.TomcatServletWebServerFactory : None of the document roots [src/main/webapp, public, static] point to a directory and will be ignored.
2020-05-11 20:24:00.719  INFO 43701 --- [main] o.s.b.w.embedded.tomcat.TomcatWebServer  : Tomcat initialized with port(s): 1234 (http)
2020-05-11 20:24:00.729  INFO 43701 --- [main] o.apache.catalina.core.StandardService   : Starting service [Tomcat]
2020-05-11 20:24:00.729  INFO 43701 --- [main] org.apache.catalina.core.StandardEngine  : Starting Servlet engine: [Apache Tomcat/9.0.27]
2020-05-11 20:24:00.777  INFO 43701 --- [main] o.a.c.c.C.[Tomcat].[localhost].[/]       : Initializing Spring embedded WebApplicationContext
2020-05-11 20:24:00.777 DEBUG 43701 --- [main] o.s.web.context.ContextLoader            : Published root WebApplicationContext as ServletContext attribute with name [org.springframework.web.context.WebApplicationContext.ROOT]
2020-05-11 20:24:00.778  INFO 43701 --- [main] o.s.web.context.ContextLoader            : Root WebApplicationContext: initialization completed in 1047 ms
2020-05-11 20:24:00.802 DEBUG 43701 --- [main] o.s.b.w.s.ServletContextInitializerBeans : Mapping filters: characterEncodingFilter urls=[/*] order=-2147483648, formContentFilter urls=[/*] order=-9900, requestContextFilter urls=[/*] order=-105
2020-05-11 20:24:00.802 DEBUG 43701 --- [main] o.s.b.w.s.ServletContextInitializerBeans : Mapping servlets: dispatcherServlet urls=[/]
2020-05-11 20:24:00.828 DEBUG 43701 --- [main] o.s.b.w.s.f.OrderedRequestContextFilter  : Filter 'requestContextFilter' configured for use
2020-05-11 20:24:00.828 DEBUG 43701 --- [main] s.b.w.s.f.OrderedCharacterEncodingFilter : Filter 'characterEncodingFilter' configured for use
2020-05-11 20:24:00.828 DEBUG 43701 --- [main] o.s.b.w.s.f.OrderedFormContentFilter     : Filter 'formContentFilter' configured for use
2020-05-11 20:24:01.051  INFO 43701 --- [main] o.hibernate.jpa.internal.util.LogHelper  : HHH000204: Processing PersistenceUnitInfo [name: default]
2020-05-11 20:24:01.113  INFO 43701 --- [main] org.hibernate.Version                    : HHH000412: Hibernate Core {5.4.6.Final}
2020-05-11 20:24:01.249  INFO 43701 --- [main] o.hibernate.annotations.common.Version   : HCANN000001: Hibernate Commons Annotations {5.1.0.Final}
2020-05-11 20:24:01.325  INFO 43701 --- [main] com.zaxxer.hikari.HikariDataSource       : HikariPool-1 - Starting...
2020-05-11 20:24:02.077  INFO 43701 --- [main] com.zaxxer.hikari.HikariDataSource       : HikariPool-1 - Start completed.
2020-05-11 20:24:02.095  INFO 43701 --- [main] org.hibernate.dialect.Dialect            : HHH000400: Using dialect: org.hibernate.dialect.MySQL5Dialect
2020-05-11 20:24:02.279  INFO 43701 --- [main] o.h.e.t.j.p.i.JtaPlatformInitiator       : HHH000490: Using JtaPlatform implementation: [org.hibernate.engine.transaction.jta.platform.internal.NoJtaPlatform]
2020-05-11 20:24:02.285  INFO 43701 --- [main] j.LocalContainerEntityManagerFactoryBean : Initialized JPA EntityManagerFactory for persistence unit 'default'
2020-05-11 20:24:02.455  INFO 43701 --- [main] o.s.s.concurrent.ThreadPoolTaskExecutor  : Initializing ExecutorService 'applicationTaskExecutor'
2020-05-11 20:24:02.463 DEBUG 43701 --- [main] s.w.s.m.m.a.RequestMappingHandlerAdapter : ControllerAdvice beans: 0 @ModelAttribute, 0 @InitBinder, 1 RequestBodyAdvice, 1 ResponseBodyAdvice
2020-05-11 20:24:02.544 DEBUG 43701 --- [main] s.w.s.m.m.a.RequestMappingHandlerMapping : 32 mappings in 'requestMappingHandlerMapping'
2020-05-11 20:24:02.578 DEBUG 43701 --- [main] o.s.w.s.handler.SimpleUrlHandlerMapping  : Patterns [/webjars/**, /**] in 'resourceHandlerMapping'
2020-05-11 20:24:02.590 DEBUG 43701 --- [main] .m.m.a.ExceptionHandlerExceptionResolver : ControllerAdvice beans: 0 @ExceptionHandler, 1 ResponseBodyAdvice
2020-05-11 20:24:02.719 DEBUG 43701 --- [main] ConditionEvaluationReportLoggingListener : 


============================
CONDITIONS EVALUATION REPORT
============================


Positive matches:
-----------------

   AopAutoConfiguration matched:
      - @ConditionalOnClass found required classes 'org.springframework.context.annotation.EnableAspectJAutoProxy', 'org.aspectj.lang.annotation.Aspect', 'org.aspectj.lang.reflect.Advice', 'org.aspectj.weaver.AnnotatedElement' (OnClassCondition)
      - @ConditionalOnProperty (spring.aop.auto=true) matched (OnPropertyCondition)

   AopAutoConfiguration.CglibAutoProxyConfiguration matched:
      - @ConditionalOnProperty (spring.aop.proxy-target-class=true) matched (OnPropertyCondition)

   DataSourceAutoConfiguration matched:
      - @ConditionalOnClass found required classes 'javax.sql.DataSource', 'org.springframework.jdbc.datasource.embedded.EmbeddedDatabaseType' (OnClassCondition)

   DataSourceAutoConfiguration.PooledDataSourceConfiguration matched:
      - AnyNestedCondition 1 matched 1 did not; NestedCondition on DataSourceAutoConfiguration.PooledDataSourceCondition.PooledDataSourceAvailable PooledDataSource found supported DataSource; NestedCondition on DataSourceAutoConfiguration.PooledDataSourceCondition.ExplicitType @ConditionalOnProperty (spring.datasource.type) did not find property 'type' (DataSourceAutoConfiguration.PooledDataSourceCondition)
      - @ConditionalOnBean (types: javax.sql.DataSource,javax.sql.XADataSource; SearchStrategy: all) did not find any beans (OnBeanCondition)

   DataSourceConfiguration.Hikari matched:
      - @ConditionalOnClass found required class 'com.zaxxer.hikari.HikariDataSource' (OnClassCondition)
      - @ConditionalOnProperty (spring.datasource.type=com.zaxxer.hikari.HikariDataSource) matched (OnPropertyCondition)
      - @ConditionalOnBean (types: javax.sql.DataSource; SearchStrategy: all) did not find any beans (OnBeanCondition)

   DataSourceJmxConfiguration matched:
      - @ConditionalOnProperty (spring.jmx.enabled=true) matched (OnPropertyCondition)

   DataSourceJmxConfiguration.Hikari matched:
      - @ConditionalOnClass found required class 'com.zaxxer.hikari.HikariDataSource' (OnClassCondition)
      - @ConditionalOnBean (types: javax.sql.DataSource; SearchStrategy: all) found a primary bean from beans 'dataSource' (OnBeanCondition)

   DataSourcePoolMetadataProvidersConfiguration.HikariPoolDataSourceMetadataProviderConfiguration matched:
      - @ConditionalOnClass found required class 'com.zaxxer.hikari.HikariDataSource' (OnClassCondition)

   DataSourceTransactionManagerAutoConfiguration matched:
      - @ConditionalOnClass found required classes 'org.springframework.jdbc.core.JdbcTemplate', 'org.springframework.transaction.PlatformTransactionManager' (OnClassCondition)

   DataSourceTransactionManagerAutoConfiguration.DataSourceTransactionManagerConfiguration matched:
      - @ConditionalOnBean (types: javax.sql.DataSource; SearchStrategy: all) found a primary bean from beans 'dataSource' (OnBeanCondition)

   DispatcherServletAutoConfiguration matched:
      - @ConditionalOnClass found required class 'org.springframework.web.servlet.DispatcherServlet' (OnClassCondition)
      - found 'session' scope (OnWebApplicationCondition)

   DispatcherServletAutoConfiguration.DispatcherServletConfiguration matched:
      - @ConditionalOnClass found required class 'javax.servlet.ServletRegistration' (OnClassCondition)
      - Default DispatcherServlet did not find dispatcher servlet beans (DispatcherServletAutoConfiguration.DefaultDispatcherServletCondition)

   DispatcherServletAutoConfiguration.DispatcherServletRegistrationConfiguration matched:
      - @ConditionalOnClass found required class 'javax.servlet.ServletRegistration' (OnClassCondition)
      - DispatcherServlet Registration did not find servlet registration bean (DispatcherServletAutoConfiguration.DispatcherServletRegistrationCondition)

   DispatcherServletAutoConfiguration.DispatcherServletRegistrationConfiguration#dispatcherServletRegistration matched:
      - @ConditionalOnBean (names: dispatcherServlettypes: org.springframework.web.servlet.DispatcherServlet; SearchStrategy: all) found bean 'dispatcherServlet' (OnBeanCondition)

   EmbeddedWebServerFactoryCustomizerAutoConfiguration matched:
      - @ConditionalOnWebApplication (required) found 'session' scope (OnWebApplicationCondition)

   EmbeddedWebServerFactoryCustomizerAutoConfiguration.TomcatWebServerFactoryCustomizerConfiguration matched:
      - @ConditionalOnClass found required classes 'org.apache.catalina.startup.Tomcat', 'org.apache.coyote.UpgradeProtocol' (OnClassCondition)

   ErrorMvcAutoConfiguration matched:
      - @ConditionalOnClass found required classes 'javax.servlet.Servlet', 'org.springframework.web.servlet.DispatcherServlet' (OnClassCondition)
      - found 'session' scope (OnWebApplicationCondition)

   ErrorMvcAutoConfiguration#basicErrorController matched:
      - @ConditionalOnBean (types: org.springframework.boot.web.servlet.error.ErrorController; SearchStrategy: current) did not find any beans (OnBeanCondition)

   ErrorMvcAutoConfiguration#errorAttributes matched:
      - @ConditionalOnBean (types: org.springframework.boot.web.servlet.error.ErrorAttributes; SearchStrategy: current) did not find any beans (OnBeanCondition)

   ErrorMvcAutoConfiguration.DefaultErrorViewResolverConfiguration#conventionErrorViewResolver matched:
      - @ConditionalOnBean (types: org.springframework.web.servlet.DispatcherServlet; SearchStrategy: all) found bean 'dispatcherServlet'; @ConditionalOnBean (types: org.springframework.boot.autoconfigure.web.servlet.error.ErrorViewResolver; SearchStrategy: all) did not find any beans (OnBeanCondition)

   ErrorMvcAutoConfiguration.WhitelabelErrorViewConfiguration matched:
      - @ConditionalOnProperty (server.error.whitelabel.enabled) matched (OnPropertyCondition)
      - ErrorTemplate Missing did not find error template view (ErrorMvcAutoConfiguration.ErrorTemplateMissingCondition)

   ErrorMvcAutoConfiguration.WhitelabelErrorViewConfiguration#beanNameViewResolver matched:
      - @ConditionalOnBean (types: org.springframework.web.servlet.view.BeanNameViewResolver; SearchStrategy: all) did not find any beans (OnBeanCondition)

   ErrorMvcAutoConfiguration.WhitelabelErrorViewConfiguration#defaultErrorView matched:
      - @ConditionalOnBean (names: error; ; SearchStrategy: all) did not find any beans (OnBeanCondition)

   GenericCacheConfiguration matched:
      - Cache org.springframework.boot.autoconfigure.cache.GenericCacheConfiguration automatic cache type (CacheCondition)

   GsonAutoConfiguration matched:
      - @ConditionalOnClass found required class 'com.google.gson.Gson' (OnClassCondition)

   GsonAutoConfiguration#gson matched:
      - @ConditionalOnBean (types: com.google.gson.Gson; SearchStrategy: all) did not find any beans (OnBeanCondition)

   GsonAutoConfiguration#gsonBuilder matched:
      - @ConditionalOnBean (types: com.google.gson.GsonBuilder; SearchStrategy: all) did not find any beans (OnBeanCondition)

   GsonHttpMessageConvertersConfiguration matched:
      - @ConditionalOnClass found required class 'com.google.gson.Gson' (OnClassCondition)

   HibernateJpaAutoConfiguration matched:
      - @ConditionalOnClass found required classes 'org.springframework.orm.jpa.LocalContainerEntityManagerFactoryBean', 'javax.persistence.EntityManager', 'org.hibernate.engine.spi.SessionImplementor' (OnClassCondition)

   HibernateJpaConfiguration matched:
      - @ConditionalOnBean (types: javax.sql.DataSource; SearchStrategy: all) found a primary bean from beans 'dataSource' (OnBeanCondition)

   HttpEncodingAutoConfiguration matched:
      - @ConditionalOnClass found required class 'org.springframework.web.filter.CharacterEncodingFilter' (OnClassCondition)
      - found 'session' scope (OnWebApplicationCondition)
      - @ConditionalOnProperty (spring.http.encoding.enabled) matched (OnPropertyCondition)

   HttpEncodingAutoConfiguration#characterEncodingFilter matched:
      - @ConditionalOnBean (types: org.springframework.web.filter.CharacterEncodingFilter; SearchStrategy: all) did not find any beans (OnBeanCondition)

   HttpMessageConvertersAutoConfiguration matched:
      - @ConditionalOnClass found required class 'org.springframework.http.converter.HttpMessageConverter' (OnClassCondition)
      - NoneNestedConditions 0 matched 1 did not; NestedCondition on HttpMessageConvertersAutoConfiguration.NotReactiveWebApplicationCondition.ReactiveWebApplication did not find reactive web application classes (HttpMessageConvertersAutoConfiguration.NotReactiveWebApplicationCondition)

   HttpMessageConvertersAutoConfiguration#messageConverters matched:
      - @ConditionalOnBean (types: org.springframework.boot.autoconfigure.http.HttpMessageConverters; SearchStrategy: all) did not find any beans (OnBeanCondition)

   HttpMessageConvertersAutoConfiguration.StringHttpMessageConverterConfiguration matched:
      - @ConditionalOnClass found required class 'org.springframework.http.converter.StringHttpMessageConverter' (OnClassCondition)

   HttpMessageConvertersAutoConfiguration.StringHttpMessageConverterConfiguration#stringHttpMessageConverter matched:
      - @ConditionalOnBean (types: org.springframework.http.converter.StringHttpMessageConverter; SearchStrategy: all) did not find any beans (OnBeanCondition)

   JacksonAutoConfiguration matched:
      - @ConditionalOnClass found required class 'com.fasterxml.jackson.databind.ObjectMapper' (OnClassCondition)

   JacksonAutoConfiguration.Jackson2ObjectMapperBuilderCustomizerConfiguration matched:
      - @ConditionalOnClass found required class 'org.springframework.http.converter.json.Jackson2ObjectMapperBuilder' (OnClassCondition)

   JacksonAutoConfiguration.JacksonObjectMapperBuilderConfiguration matched:
      - @ConditionalOnClass found required class 'org.springframework.http.converter.json.Jackson2ObjectMapperBuilder' (OnClassCondition)

   JacksonAutoConfiguration.JacksonObjectMapperBuilderConfiguration#jacksonObjectMapperBuilder matched:
      - @ConditionalOnBean (types: org.springframework.http.converter.json.Jackson2ObjectMapperBuilder; SearchStrategy: all) did not find any beans (OnBeanCondition)

   JacksonAutoConfiguration.JacksonObjectMapperConfiguration matched:
      - @ConditionalOnClass found required class 'org.springframework.http.converter.json.Jackson2ObjectMapperBuilder' (OnClassCondition)

   JacksonAutoConfiguration.JacksonObjectMapperConfiguration#jacksonObjectMapper matched:
      - @ConditionalOnBean (types: com.fasterxml.jackson.databind.ObjectMapper; SearchStrategy: all) did not find any beans (OnBeanCondition)

   JacksonAutoConfiguration.ParameterNamesModuleConfiguration matched:
      - @ConditionalOnClass found required class 'com.fasterxml.jackson.module.paramnames.ParameterNamesModule' (OnClassCondition)

   JacksonAutoConfiguration.ParameterNamesModuleConfiguration#parameterNamesModule matched:
      - @ConditionalOnBean (types: com.fasterxml.jackson.module.paramnames.ParameterNamesModule; SearchStrategy: all) did not find any beans (OnBeanCondition)

   JacksonHttpMessageConvertersConfiguration.MappingJackson2HttpMessageConverterConfiguration matched:
      - @ConditionalOnClass found required class 'com.fasterxml.jackson.databind.ObjectMapper' (OnClassCondition)
      - @ConditionalOnProperty (spring.http.converters.preferred-json-mapper=jackson) matched (OnPropertyCondition)
      - @ConditionalOnBean (types: com.fasterxml.jackson.databind.ObjectMapper; SearchStrategy: all) found bean 'jacksonObjectMapper' (OnBeanCondition)

   JacksonHttpMessageConvertersConfiguration.MappingJackson2HttpMessageConverterConfiguration#mappingJackson2HttpMessageConverter matched:
      - @ConditionalOnBean (types: org.springframework.http.converter.json.MappingJackson2HttpMessageConverterignored: org.springframework.hateoas.server.mvc.TypeConstrainedMappingJackson2HttpMessageConverter,org.springframework.data.rest.webmvc.alps.AlpsJsonHttpMessageConverter; SearchStrategy: all) did not find any beans (OnBeanCondition)

   JdbcTemplateAutoConfiguration matched:
      - @ConditionalOnClass found required classes 'javax.sql.DataSource', 'org.springframework.jdbc.core.JdbcTemplate' (OnClassCondition)
      - @ConditionalOnBean (types: javax.sql.DataSource; SearchStrategy: all) found a primary bean from beans 'dataSource' (OnBeanCondition)

   JdbcTemplateConfiguration matched:
      - @ConditionalOnBean (types: org.springframework.jdbc.core.JdbcOperations; SearchStrategy: all) did not find any beans (OnBeanCondition)

   JpaBaseConfiguration#entityManagerFactory matched:
      - @ConditionalOnBean (types: org.springframework.orm.jpa.LocalContainerEntityManagerFactoryBean,javax.persistence.EntityManagerFactory; SearchStrategy: all) did not find any beans (OnBeanCondition)

   JpaBaseConfiguration#entityManagerFactoryBuilder matched:
      - @ConditionalOnBean (types: org.springframework.boot.orm.jpa.EntityManagerFactoryBuilder; SearchStrategy: all) did not find any beans (OnBeanCondition)

   JpaBaseConfiguration#jpaVendorAdapter matched:
      - @ConditionalOnBean (types: org.springframework.orm.jpa.JpaVendorAdapter; SearchStrategy: all) did not find any beans (OnBeanCondition)

   JpaBaseConfiguration#transactionManager matched:
      - @ConditionalOnBean (types: org.springframework.transaction.PlatformTransactionManager; SearchStrategy: all) did not find any beans (OnBeanCondition)

   JpaRepositoriesAutoConfiguration matched:
      - @ConditionalOnClass found required class 'org.springframework.data.jpa.repository.JpaRepository' (OnClassCondition)
      - @ConditionalOnProperty (spring.data.jpa.repositories.enabled=true) matched (OnPropertyCondition)
      - @ConditionalOnBean (types: javax.sql.DataSource; SearchStrategy: all) found bean 'dataSource'; @ConditionalOnBean (types: org.springframework.data.jpa.repository.support.JpaRepositoryFactoryBean,org.springframework.data.jpa.repository.config.JpaRepositoryConfigExtension; SearchStrategy: all) did not find any beans (OnBeanCondition)

   JtaAutoConfiguration matched:
      - @ConditionalOnClass found required class 'javax.transaction.Transaction' (OnClassCondition)
      - @ConditionalOnProperty (spring.jta.enabled) matched (OnPropertyCondition)

   MultipartAutoConfiguration matched:
      - @ConditionalOnClass found required classes 'javax.servlet.Servlet', 'org.springframework.web.multipart.support.StandardServletMultipartResolver', 'javax.servlet.MultipartConfigElement' (OnClassCondition)
      - found 'session' scope (OnWebApplicationCondition)
      - @ConditionalOnProperty (spring.servlet.multipart.enabled) matched (OnPropertyCondition)

   MultipartAutoConfiguration#multipartConfigElement matched:
      - @ConditionalOnBean (types: javax.servlet.MultipartConfigElement,org.springframework.web.multipart.commons.CommonsMultipartResolver; SearchStrategy: all) did not find any beans (OnBeanCondition)

   MultipartAutoConfiguration#multipartResolver matched:
      - @ConditionalOnBean (types: org.springframework.web.multipart.MultipartResolver; SearchStrategy: all) did not find any beans (OnBeanCondition)

   NamedParameterJdbcTemplateConfiguration matched:
      - @ConditionalOnBean (types: org.springframework.jdbc.core.JdbcTemplate; SearchStrategy: all) found a primary bean from beans 'jdbcTemplate'; @ConditionalOnBean (types: org.springframework.jdbc.core.namedparam.NamedParameterJdbcOperations; SearchStrategy: all) did not find any beans (OnBeanCondition)

   NoOpCacheConfiguration matched:
      - Cache org.springframework.boot.autoconfigure.cache.NoOpCacheConfiguration automatic cache type (CacheCondition)

   OAuth2ResourceServerAutoConfiguration matched:
      - found 'session' scope (OnWebApplicationCondition)

   PersistenceExceptionTranslationAutoConfiguration matched:
      - @ConditionalOnClass found required class 'org.springframework.dao.annotation.PersistenceExceptionTranslationPostProcessor' (OnClassCondition)

   PersistenceExceptionTranslationAutoConfiguration#persistenceExceptionTranslationPostProcessor matched:
      - @ConditionalOnProperty (spring.dao.exceptiontranslation.enabled) matched (OnPropertyCondition)
      - @ConditionalOnBean (types: org.springframework.dao.annotation.PersistenceExceptionTranslationPostProcessor; SearchStrategy: all) did not find any beans (OnBeanCondition)

   PropertyPlaceholderAutoConfiguration#propertySourcesPlaceholderConfigurer matched:
      - @ConditionalOnBean (types: org.springframework.context.support.PropertySourcesPlaceholderConfigurer; SearchStrategy: current) did not find any beans (OnBeanCondition)

   RestTemplateAutoConfiguration matched:
      - @ConditionalOnClass found required class 'org.springframework.web.client.RestTemplate' (OnClassCondition)
      - NoneNestedConditions 0 matched 1 did not; NestedCondition on RestTemplateAutoConfiguration.NotReactiveWebApplicationCondition.ReactiveWebApplication did not find reactive web application classes (RestTemplateAutoConfiguration.NotReactiveWebApplicationCondition)

   RestTemplateAutoConfiguration#restTemplateBuilder matched:
      - @ConditionalOnBean (types: org.springframework.boot.web.client.RestTemplateBuilder; SearchStrategy: all) did not find any beans (OnBeanCondition)

   ServletWebServerFactoryAutoConfiguration matched:
      - @ConditionalOnClass found required class 'javax.servlet.ServletRequest' (OnClassCondition)
      - found 'session' scope (OnWebApplicationCondition)

   ServletWebServerFactoryAutoConfiguration#tomcatServletWebServerFactoryCustomizer matched:
      - @ConditionalOnClass found required class 'org.apache.catalina.startup.Tomcat' (OnClassCondition)

   ServletWebServerFactoryConfiguration.EmbeddedTomcat matched:
      - @ConditionalOnClass found required classes 'javax.servlet.Servlet', 'org.apache.catalina.startup.Tomcat', 'org.apache.coyote.UpgradeProtocol' (OnClassCondition)
      - @ConditionalOnBean (types: org.springframework.boot.web.servlet.server.ServletWebServerFactory; SearchStrategy: current) did not find any beans (OnBeanCondition)

   SimpleCacheConfiguration matched:
      - Cache org.springframework.boot.autoconfigure.cache.SimpleCacheConfiguration automatic cache type (CacheCondition)

   SpringDataWebAutoConfiguration matched:
      - @ConditionalOnClass found required classes 'org.springframework.data.web.PageableHandlerMethodArgumentResolver', 'org.springframework.web.servlet.config.annotation.WebMvcConfigurer' (OnClassCondition)
      - found 'session' scope (OnWebApplicationCondition)
      - @ConditionalOnBean (types: org.springframework.data.web.PageableHandlerMethodArgumentResolver; SearchStrategy: all) did not find any beans (OnBeanCondition)

   SpringDataWebAutoConfiguration#pageableCustomizer matched:
      - @ConditionalOnBean (types: org.springframework.data.web.config.PageableHandlerMethodArgumentResolverCustomizer; SearchStrategy: all) did not find any beans (OnBeanCondition)

   SpringDataWebAutoConfiguration#sortCustomizer matched:
      - @ConditionalOnBean (types: org.springframework.data.web.config.SortHandlerMethodArgumentResolverCustomizer; SearchStrategy: all) did not find any beans (OnBeanCondition)

   TaskExecutionAutoConfiguration matched:
      - @ConditionalOnClass found required class 'org.springframework.scheduling.concurrent.ThreadPoolTaskExecutor' (OnClassCondition)

   TaskExecutionAutoConfiguration#applicationTaskExecutor matched:
      - @ConditionalOnBean (types: java.util.concurrent.Executor; SearchStrategy: all) did not find any beans (OnBeanCondition)

   TaskExecutionAutoConfiguration#taskExecutorBuilder matched:
      - @ConditionalOnBean (types: org.springframework.boot.task.TaskExecutorBuilder; SearchStrategy: all) did not find any beans (OnBeanCondition)

   TaskSchedulingAutoConfiguration matched:
      - @ConditionalOnClass found required class 'org.springframework.scheduling.concurrent.ThreadPoolTaskScheduler' (OnClassCondition)

   TaskSchedulingAutoConfiguration#taskSchedulerBuilder matched:
      - @ConditionalOnBean (types: org.springframework.boot.task.TaskSchedulerBuilder; SearchStrategy: all) did not find any beans (OnBeanCondition)

   TransactionAutoConfiguration matched:
      - @ConditionalOnClass found required class 'org.springframework.transaction.PlatformTransactionManager' (OnClassCondition)

   TransactionAutoConfiguration#platformTransactionManagerCustomizers matched:
      - @ConditionalOnBean (types: org.springframework.boot.autoconfigure.transaction.TransactionManagerCustomizers; SearchStrategy: all) did not find any beans (OnBeanCondition)

   TransactionAutoConfiguration.EnableTransactionManagementConfiguration matched:
      - @ConditionalOnBean (types: org.springframework.transaction.TransactionManager; SearchStrategy: all) found bean 'transactionManager'; @ConditionalOnBean (types: org.springframework.transaction.annotation.AbstractTransactionManagementConfiguration; SearchStrategy: all) did not find any beans (OnBeanCondition)

   TransactionAutoConfiguration.EnableTransactionManagementConfiguration.CglibAutoProxyConfiguration matched:
      - @ConditionalOnProperty (spring.aop.proxy-target-class=true) matched (OnPropertyCondition)

   TransactionAutoConfiguration.TransactionTemplateConfiguration matched:
      - @ConditionalOnBean (types: org.springframework.transaction.PlatformTransactionManager; SearchStrategy: all) found a primary bean from beans 'transactionManager' (OnBeanCondition)

   TransactionAutoConfiguration.TransactionTemplateConfiguration#transactionTemplate matched:
      - @ConditionalOnBean (types: org.springframework.transaction.support.TransactionOperations; SearchStrategy: all) did not find any beans (OnBeanCondition)

   ValidationAutoConfiguration matched:
      - @ConditionalOnClass found required class 'javax.validation.executable.ExecutableValidator' (OnClassCondition)
      - @ConditionalOnResource found location classpath:META-INF/services/javax.validation.spi.ValidationProvider (OnResourceCondition)

   ValidationAutoConfiguration#defaultValidator matched:
      - @ConditionalOnBean (types: javax.validation.Validator; SearchStrategy: all) did not find any beans (OnBeanCondition)

   ValidationAutoConfiguration#methodValidationPostProcessor matched:
      - @ConditionalOnBean (types: org.springframework.validation.beanvalidation.MethodValidationPostProcessor; SearchStrategy: all) did not find any beans (OnBeanCondition)

   WebMvcAutoConfiguration matched:
      - @ConditionalOnClass found required classes 'javax.servlet.Servlet', 'org.springframework.web.servlet.DispatcherServlet', 'org.springframework.web.servlet.config.annotation.WebMvcConfigurer' (OnClassCondition)
      - found 'session' scope (OnWebApplicationCondition)
      - @ConditionalOnBean (types: org.springframework.web.servlet.config.annotation.WebMvcConfigurationSupport; SearchStrategy: all) did not find any beans (OnBeanCondition)

   WebMvcAutoConfiguration#formContentFilter matched:
      - @ConditionalOnProperty (spring.mvc.formcontent.filter.enabled) matched (OnPropertyCondition)
      - @ConditionalOnBean (types: org.springframework.web.filter.FormContentFilter; SearchStrategy: all) did not find any beans (OnBeanCondition)

   WebMvcAutoConfiguration.WebMvcAutoConfigurationAdapter#defaultViewResolver matched:
      - @ConditionalOnBean (types: org.springframework.web.servlet.view.InternalResourceViewResolver; SearchStrategy: all) did not find any beans (OnBeanCondition)

   WebMvcAutoConfiguration.WebMvcAutoConfigurationAdapter#requestContextFilter matched:
      - @ConditionalOnBean (types: org.springframework.web.context.request.RequestContextListener,org.springframework.web.filter.RequestContextFilter; SearchStrategy: all) did not find any beans (OnBeanCondition)

   WebMvcAutoConfiguration.WebMvcAutoConfigurationAdapter#viewResolver matched:
      - @ConditionalOnBean (types: org.springframework.web.servlet.ViewResolver; SearchStrategy: all) found beans 'defaultViewResolver', 'beanNameViewResolver', 'mvcViewResolver'; @ConditionalOnBean (names: viewResolvertypes: org.springframework.web.servlet.view.ContentNegotiatingViewResolver; SearchStrategy: all) did not find any beans (OnBeanCondition)

   WebSocketServletAutoConfiguration matched:
      - @ConditionalOnClass found required classes 'javax.servlet.Servlet', 'javax.websocket.server.ServerContainer' (OnClassCondition)
      - found 'session' scope (OnWebApplicationCondition)

   WebSocketServletAutoConfiguration.TomcatWebSocketConfiguration matched:
      - @ConditionalOnClass found required classes 'org.apache.catalina.startup.Tomcat', 'org.apache.tomcat.websocket.server.WsSci' (OnClassCondition)

   WebSocketServletAutoConfiguration.TomcatWebSocketConfiguration#websocketServletWebServerCustomizer matched:
      - @ConditionalOnBean (names: websocketServletWebServerCustomizer; ; SearchStrategy: all) did not find any beans (OnBeanCondition)


Negative matches:
-----------------

   ActiveMQAutoConfiguration:
      Did not match:
         - @ConditionalOnClass did not find required class 'javax.jms.ConnectionFactory' (OnClassCondition)

   AopAutoConfiguration.JdkDynamicAutoProxyConfiguration:
      Did not match:
         - @ConditionalOnProperty (spring.aop.proxy-target-class=false) did not find property 'proxy-target-class' (OnPropertyCondition)

   ArtemisAutoConfiguration:
      Did not match:
         - @ConditionalOnClass did not find required class 'javax.jms.ConnectionFactory' (OnClassCondition)

   AtomikosJtaConfiguration:
      Did not match:
         - @ConditionalOnClass did not find required class 'com.atomikos.icatch.jta.UserTransactionManager' (OnClassCondition)

   BatchAutoConfiguration:
      Did not match:
         - @ConditionalOnClass did not find required class 'org.springframework.batch.core.launch.JobLauncher' (OnClassCondition)

   BitronixJtaConfiguration:
      Did not match:
         - @ConditionalOnClass did not find required class 'bitronix.tm.jndi.BitronixContext' (OnClassCondition)

   CacheAutoConfiguration:
      Did not match:
         - @ConditionalOnBean (types: org.springframework.cache.interceptor.CacheAspectSupport; SearchStrategy: all) did not find any beans of type org.springframework.cache.interceptor.CacheAspectSupport (OnBeanCondition)
      Matched:
         - @ConditionalOnClass found required class 'org.springframework.cache.CacheManager' (OnClassCondition)

   CacheAutoConfiguration.CacheManagerEntityManagerFactoryDependsOnPostProcessor:
      Did not match:
         - Ancestor org.springframework.boot.autoconfigure.cache.CacheAutoConfiguration did not match (ConditionEvaluationReport.AncestorsMatchedCondition)
      Matched:
         - @ConditionalOnClass found required class 'org.springframework.orm.jpa.LocalContainerEntityManagerFactoryBean' (OnClassCondition)

   CaffeineCacheConfiguration:
      Did not match:
         - @ConditionalOnClass did not find required classes 'com.github.benmanes.caffeine.cache.Caffeine', 'org.springframework.cache.caffeine.CaffeineCacheManager' (OnClassCondition)

   CassandraAutoConfiguration:
      Did not match:
         - @ConditionalOnClass did not find required class 'com.datastax.driver.core.Cluster' (OnClassCondition)

   CassandraDataAutoConfiguration:
      Did not match:
         - @ConditionalOnClass did not find required class 'com.datastax.driver.core.Cluster' (OnClassCondition)

   CassandraReactiveDataAutoConfiguration:
      Did not match:
         - @ConditionalOnClass did not find required class 'com.datastax.driver.core.Cluster' (OnClassCondition)

   CassandraReactiveRepositoriesAutoConfiguration:
      Did not match:
         - @ConditionalOnClass did not find required class 'org.springframework.data.cassandra.ReactiveSession' (OnClassCondition)

   CassandraRepositoriesAutoConfiguration:
      Did not match:
         - @ConditionalOnClass did not find required class 'com.datastax.driver.core.Session' (OnClassCondition)

   ClientHttpConnectorAutoConfiguration:
      Did not match:
         - @ConditionalOnClass did not find required class 'org.springframework.web.reactive.function.client.WebClient' (OnClassCondition)

   CloudServiceConnectorsAutoConfiguration:
      Did not match:
         - @ConditionalOnClass did not find required class 'org.springframework.cloud.config.java.CloudScanConfiguration' (OnClassCondition)

   CodecsAutoConfiguration:
      Did not match:
         - @ConditionalOnClass did not find required class 'org.springframework.web.reactive.function.client.WebClient' (OnClassCondition)

   CouchbaseAutoConfiguration:
      Did not match:
         - @ConditionalOnClass did not find required class 'com.couchbase.client.java.Cluster' (OnClassCondition)

   CouchbaseCacheConfiguration:
      Did not match:
         - @ConditionalOnClass did not find required classes 'com.couchbase.client.java.Bucket', 'com.couchbase.client.spring.cache.CouchbaseCacheManager' (OnClassCondition)

   CouchbaseDataAutoConfiguration:
      Did not match:
         - @ConditionalOnClass did not find required class 'com.couchbase.client.java.Bucket' (OnClassCondition)

   CouchbaseReactiveDataAutoConfiguration:
      Did not match:
         - @ConditionalOnClass did not find required class 'com.couchbase.client.java.Bucket' (OnClassCondition)

   CouchbaseReactiveRepositoriesAutoConfiguration:
      Did not match:
         - @ConditionalOnClass did not find required class 'com.couchbase.client.java.Bucket' (OnClassCondition)

   CouchbaseRepositoriesAutoConfiguration:
      Did not match:
         - @ConditionalOnClass did not find required class 'com.couchbase.client.java.Bucket' (OnClassCondition)

   DataSourceAutoConfiguration.EmbeddedDatabaseConfiguration:
      Did not match:
         - EmbeddedDataSource found supported pooled data source (DataSourceAutoConfiguration.EmbeddedDatabaseCondition)

   DataSourceConfiguration.Dbcp2:
      Did not match:
         - @ConditionalOnClass did not find required class 'org.apache.commons.dbcp2.BasicDataSource' (OnClassCondition)

   DataSourceConfiguration.Generic:
      Did not match:
         - @ConditionalOnProperty (spring.datasource.type) did not find property 'spring.datasource.type' (OnPropertyCondition)

   DataSourceConfiguration.Tomcat:
      Did not match:
         - @ConditionalOnClass did not find required class 'org.apache.tomcat.jdbc.pool.DataSource' (OnClassCondition)

   DataSourceJmxConfiguration.TomcatDataSourceJmxConfiguration:
      Did not match:
         - @ConditionalOnClass did not find required class 'org.apache.tomcat.jdbc.pool.DataSourceProxy' (OnClassCondition)

   DataSourcePoolMetadataProvidersConfiguration.CommonsDbcp2PoolDataSourceMetadataProviderConfiguration:
      Did not match:
         - @ConditionalOnClass did not find required class 'org.apache.commons.dbcp2.BasicDataSource' (OnClassCondition)

   DataSourcePoolMetadataProvidersConfiguration.TomcatDataSourcePoolMetadataProviderConfiguration:
      Did not match:
         - @ConditionalOnClass did not find required class 'org.apache.tomcat.jdbc.pool.DataSource' (OnClassCondition)

   DataSourceTransactionManagerAutoConfiguration.DataSourceTransactionManagerConfiguration#transactionManager:
      Did not match:
         - @ConditionalOnBean (types: org.springframework.transaction.PlatformTransactionManager; SearchStrategy: all) found beans of type 'org.springframework.transaction.PlatformTransactionManager' transactionManager (OnBeanCondition)

   DispatcherServletAutoConfiguration.DispatcherServletConfiguration#multipartResolver:
      Did not match:
         - @ConditionalOnBean (types: org.springframework.web.multipart.MultipartResolver; SearchStrategy: all) did not find any beans of type org.springframework.web.multipart.MultipartResolver (OnBeanCondition)

   EhCacheCacheConfiguration:
      Did not match:
         - @ConditionalOnClass did not find required classes 'net.sf.ehcache.Cache', 'org.springframework.cache.ehcache.EhCacheCacheManager' (OnClassCondition)

   ElasticsearchAutoConfiguration:
      Did not match:
         - @ConditionalOnClass did not find required class 'org.elasticsearch.client.Client' (OnClassCondition)

   ElasticsearchDataAutoConfiguration:
      Did not match:
         - @ConditionalOnClass did not find required class 'org.springframework.data.elasticsearch.core.ElasticsearchTemplate' (OnClassCondition)

   ElasticsearchRepositoriesAutoConfiguration:
      Did not match:
         - @ConditionalOnClass did not find required class 'org.elasticsearch.client.Client' (OnClassCondition)

   EmbeddedLdapAutoConfiguration:
      Did not match:
         - @ConditionalOnClass did not find required class 'com.unboundid.ldap.listener.InMemoryDirectoryServer' (OnClassCondition)

   EmbeddedMongoAutoConfiguration:
      Did not match:
         - @ConditionalOnClass did not find required class 'com.mongodb.MongoClient' (OnClassCondition)

   EmbeddedWebServerFactoryCustomizerAutoConfiguration.JettyWebServerFactoryCustomizerConfiguration:
      Did not match:
         - @ConditionalOnClass did not find required classes 'org.eclipse.jetty.server.Server', 'org.eclipse.jetty.util.Loader', 'org.eclipse.jetty.webapp.WebAppContext' (OnClassCondition)

   EmbeddedWebServerFactoryCustomizerAutoConfiguration.NettyWebServerFactoryCustomizerConfiguration:
      Did not match:
         - @ConditionalOnClass did not find required class 'reactor.netty.http.server.HttpServer' (OnClassCondition)

   EmbeddedWebServerFactoryCustomizerAutoConfiguration.UndertowWebServerFactoryCustomizerConfiguration:
      Did not match:
         - @ConditionalOnClass did not find required classes 'io.undertow.Undertow', 'org.xnio.SslClientAuthMode' (OnClassCondition)

   ErrorWebFluxAutoConfiguration:
      Did not match:
         - @ConditionalOnClass did not find required class 'org.springframework.web.reactive.config.WebFluxConfigurer' (OnClassCondition)

   FlywayAutoConfiguration:
      Did not match:
         - @ConditionalOnClass did not find required class 'org.flywaydb.core.Flyway' (OnClassCondition)

   FreeMarkerAutoConfiguration:
      Did not match:
         - @ConditionalOnClass did not find required class 'freemarker.template.Configuration' (OnClassCondition)

   GroovyTemplateAutoConfiguration:
      Did not match:
         - @ConditionalOnClass did not find required class 'groovy.text.markup.MarkupTemplateEngine' (OnClassCondition)

   GsonHttpMessageConvertersConfiguration.GsonHttpMessageConverterConfiguration:
      Did not match:
         - AnyNestedCondition 0 matched 2 did not; NestedCondition on GsonHttpMessageConvertersConfiguration.PreferGsonOrJacksonAndJsonbUnavailableCondition.JacksonJsonbUnavailable NoneNestedConditions 1 matched 1 did not; NestedCondition on GsonHttpMessageConvertersConfiguration.JacksonAndJsonbUnavailableCondition.JsonbPreferred @ConditionalOnProperty (spring.http.converters.preferred-json-mapper=jsonb) did not find property 'spring.http.converters.preferred-json-mapper'; NestedCondition on GsonHttpMessageConvertersConfiguration.JacksonAndJsonbUnavailableCondition.JacksonAvailable @ConditionalOnBean (types: org.springframework.http.converter.json.MappingJackson2HttpMessageConverter; SearchStrategy: all) found bean 'mappingJackson2HttpMessageConverter'; NestedCondition on GsonHttpMessageConvertersConfiguration.PreferGsonOrJacksonAndJsonbUnavailableCondition.GsonPreferred @ConditionalOnProperty (spring.http.converters.preferred-json-mapper=gson) did not find property 'spring.http.converters.preferred-json-mapper' (GsonHttpMessageConvertersConfiguration.PreferGsonOrJacksonAndJsonbUnavailableCondition)

   H2ConsoleAutoConfiguration:
      Did not match:
         - @ConditionalOnClass did not find required class 'org.h2.server.web.WebServlet' (OnClassCondition)

   HazelcastAutoConfiguration:
      Did not match:
         - @ConditionalOnClass did not find required class 'com.hazelcast.core.HazelcastInstance' (OnClassCondition)

   HazelcastCacheConfiguration:
      Did not match:
         - @ConditionalOnClass did not find required classes 'com.hazelcast.core.HazelcastInstance', 'com.hazelcast.spring.cache.HazelcastCacheManager' (OnClassCondition)

   HazelcastJpaDependencyAutoConfiguration:
      Did not match:
         - @ConditionalOnClass did not find required class 'com.hazelcast.core.HazelcastInstance' (OnClassCondition)

   HttpHandlerAutoConfiguration:
      Did not match:
         - @ConditionalOnClass did not find required class 'org.springframework.web.reactive.DispatcherHandler' (OnClassCondition)

   HypermediaAutoConfiguration:
      Did not match:
         - @ConditionalOnClass did not find required class 'org.springframework.hateoas.EntityModel' (OnClassCondition)

   InfinispanCacheConfiguration:
      Did not match:
         - @ConditionalOnClass did not find required class 'org.infinispan.spring.embedded.provider.SpringEmbeddedCacheManager' (OnClassCondition)

   InfluxDbAutoConfiguration:
      Did not match:
         - @ConditionalOnClass did not find required class 'org.influxdb.InfluxDB' (OnClassCondition)

   IntegrationAutoConfiguration:
      Did not match:
         - @ConditionalOnClass did not find required class 'org.springframework.integration.config.EnableIntegration' (OnClassCondition)

   JCacheCacheConfiguration:
      Did not match:
         - @ConditionalOnClass did not find required classes 'javax.cache.Caching', 'org.springframework.cache.jcache.JCacheCacheManager' (OnClassCondition)

   JacksonAutoConfiguration.JodaDateTimeJacksonConfiguration:
      Did not match:
         - @ConditionalOnClass did not find required classes 'org.joda.time.DateTime', 'com.fasterxml.jackson.datatype.joda.ser.DateTimeSerializer', 'com.fasterxml.jackson.datatype.joda.cfg.JacksonJodaDateFormat' (OnClassCondition)

   JacksonHttpMessageConvertersConfiguration.MappingJackson2XmlHttpMessageConverterConfiguration:
      Did not match:
         - @ConditionalOnClass did not find required class 'com.fasterxml.jackson.dataformat.xml.XmlMapper' (OnClassCondition)

   JdbcRepositoriesAutoConfiguration:
      Did not match:
         - @ConditionalOnClass did not find required class 'org.springframework.data.jdbc.repository.config.AbstractJdbcConfiguration' (OnClassCondition)

   JerseyAutoConfiguration:
      Did not match:
         - @ConditionalOnClass did not find required class 'org.glassfish.jersey.server.spring.SpringComponentProvider' (OnClassCondition)

   JestAutoConfiguration:
      Did not match:
         - @ConditionalOnClass did not find required class 'io.searchbox.client.JestClient' (OnClassCondition)

   JmsAutoConfiguration:
      Did not match:
         - @ConditionalOnClass did not find required class 'javax.jms.Message' (OnClassCondition)

   JmxAutoConfiguration:
      Did not match:
         - @ConditionalOnProperty (spring.jmx.enabled=true) did not find property 'enabled' (OnPropertyCondition)
      Matched:
         - @ConditionalOnClass found required class 'org.springframework.jmx.export.MBeanExporter' (OnClassCondition)

   JndiConnectionFactoryAutoConfiguration:
      Did not match:
         - @ConditionalOnClass did not find required class 'org.springframework.jms.core.JmsTemplate' (OnClassCondition)

   JndiDataSourceAutoConfiguration:
      Did not match:
         - @ConditionalOnProperty (spring.datasource.jndi-name) did not find property 'jndi-name' (OnPropertyCondition)
      Matched:
         - @ConditionalOnClass found required classes 'javax.sql.DataSource', 'org.springframework.jdbc.datasource.embedded.EmbeddedDatabaseType' (OnClassCondition)

   JndiJtaConfiguration:
      Did not match:
         - @ConditionalOnJndi JNDI environment is not available (OnJndiCondition)
      Matched:
         - @ConditionalOnClass found required class 'org.springframework.transaction.jta.JtaTransactionManager' (OnClassCondition)

   JooqAutoConfiguration:
      Did not match:
         - @ConditionalOnClass did not find required class 'org.jooq.DSLContext' (OnClassCondition)

   JpaBaseConfiguration.JpaWebConfiguration:
      Did not match:
         - @ConditionalOnProperty (spring.jpa.open-in-view=true) found different value in property 'open-in-view' (OnPropertyCondition)
      Matched:
         - @ConditionalOnClass found required class 'org.springframework.web.servlet.config.annotation.WebMvcConfigurer' (OnClassCondition)
         - found 'session' scope (OnWebApplicationCondition)

   JpaRepositoriesAutoConfiguration#entityManagerFactoryBootstrapExecutorCustomizer:
      Did not match:
         - AnyNestedCondition 0 matched 2 did not; NestedCondition on JpaRepositoriesAutoConfiguration.BootstrapExecutorCondition.LazyBootstrapMode @ConditionalOnProperty (spring.data.jpa.repositories.bootstrap-mode=lazy) did not find property 'bootstrap-mode'; NestedCondition on JpaRepositoriesAutoConfiguration.BootstrapExecutorCondition.DeferredBootstrapMode @ConditionalOnProperty (spring.data.jpa.repositories.bootstrap-mode=deferred) did not find property 'bootstrap-mode' (JpaRepositoriesAutoConfiguration.BootstrapExecutorCondition)

   JsonbAutoConfiguration:
      Did not match:
         - @ConditionalOnClass did not find required class 'javax.json.bind.Jsonb' (OnClassCondition)

   JsonbHttpMessageConvertersConfiguration:
      Did not match:
         - @ConditionalOnClass did not find required class 'javax.json.bind.Jsonb' (OnClassCondition)

   KafkaAutoConfiguration:
      Did not match:
         - @ConditionalOnClass did not find required class 'org.springframework.kafka.core.KafkaTemplate' (OnClassCondition)

   LdapAutoConfiguration:
      Did not match:
         - @ConditionalOnClass did not find required class 'org.springframework.ldap.core.ContextSource' (OnClassCondition)

   LdapRepositoriesAutoConfiguration:
      Did not match:
         - @ConditionalOnClass did not find required class 'org.springframework.data.ldap.repository.LdapRepository' (OnClassCondition)

   LiquibaseAutoConfiguration:
      Did not match:
         - @ConditionalOnClass did not find required class 'liquibase.change.DatabaseChange' (OnClassCondition)

   MailSenderAutoConfiguration:
      Did not match:
         - @ConditionalOnClass did not find required class 'javax.mail.internet.MimeMessage' (OnClassCondition)

   MailSenderValidatorAutoConfiguration:
      Did not match:
         - @ConditionalOnSingleCandidate did not find required type 'org.springframework.mail.javamail.JavaMailSenderImpl' (OnBeanCondition)

   MessageSourceAutoConfiguration:
      Did not match:
         - ResourceBundle did not find bundle with basename messages (MessageSourceAutoConfiguration.ResourceBundleCondition)

   MongoAutoConfiguration:
      Did not match:
         - @ConditionalOnClass did not find required class 'com.mongodb.MongoClient' (OnClassCondition)

   MongoDataAutoConfiguration:
      Did not match:
         - @ConditionalOnClass did not find required class 'com.mongodb.client.MongoClient' (OnClassCondition)

   MongoReactiveAutoConfiguration:
      Did not match:
         - @ConditionalOnClass did not find required class 'com.mongodb.reactivestreams.client.MongoClient' (OnClassCondition)

   MongoReactiveDataAutoConfiguration:
      Did not match:
         - @ConditionalOnClass did not find required class 'com.mongodb.reactivestreams.client.MongoClient' (OnClassCondition)

   MongoReactiveRepositoriesAutoConfiguration:
      Did not match:
         - @ConditionalOnClass did not find required class 'com.mongodb.reactivestreams.client.MongoClient' (OnClassCondition)

   MongoRepositoriesAutoConfiguration:
      Did not match:
         - @ConditionalOnClass did not find required class 'com.mongodb.MongoClient' (OnClassCondition)

   MustacheAutoConfiguration:
      Did not match:
         - @ConditionalOnClass did not find required class 'com.samskivert.mustache.Mustache' (OnClassCondition)

   Neo4jDataAutoConfiguration:
      Did not match:
         - @ConditionalOnClass did not find required class 'org.neo4j.ogm.session.SessionFactory' (OnClassCondition)

   Neo4jRepositoriesAutoConfiguration:
      Did not match:
         - @ConditionalOnClass did not find required class 'org.neo4j.ogm.session.Neo4jSession' (OnClassCondition)

   OAuth2ClientAutoConfiguration:
      Did not match:
         - @ConditionalOnClass did not find required class 'org.springframework.security.config.annotation.web.configuration.EnableWebSecurity' (OnClassCondition)

   OAuth2ResourceServerAutoConfiguration.JwtConfiguration:
      Did not match:
         - @ConditionalOnClass did not find required classes 'org.springframework.security.oauth2.server.resource.authentication.JwtAuthenticationToken', 'org.springframework.security.oauth2.jwt.JwtDecoder' (OnClassCondition)

   OAuth2ResourceServerAutoConfiguration.OpaqueTokenConfiguration:
      Did not match:
         - @ConditionalOnClass did not find required classes 'org.springframework.security.oauth2.server.resource.BearerTokenAuthenticationToken', 'org.springframework.security.oauth2.server.resource.introspection.OpaqueTokenIntrospector' (OnClassCondition)

   ProjectInfoAutoConfiguration#buildProperties:
      Did not match:
         - @ConditionalOnResource did not find resource '${spring.info.build.location:classpath:META-INF/build-info.properties}' (OnResourceCondition)

   ProjectInfoAutoConfiguration#gitProperties:
      Did not match:
         - GitResource did not find git info at classpath:git.properties (ProjectInfoAutoConfiguration.GitResourceAvailableCondition)

   QuartzAutoConfiguration:
      Did not match:
         - @ConditionalOnClass did not find required class 'org.quartz.Scheduler' (OnClassCondition)

   RSocketMessagingAutoConfiguration:
      Did not match:
         - @ConditionalOnClass did not find required class 'io.rsocket.RSocketFactory' (OnClassCondition)

   RSocketRequesterAutoConfiguration:
      Did not match:
         - @ConditionalOnClass did not find required class 'io.rsocket.RSocketFactory' (OnClassCondition)

   RSocketSecurityAutoConfiguration:
      Did not match:
         - @ConditionalOnClass did not find required class 'org.springframework.security.rsocket.core.SecuritySocketAcceptorInterceptor' (OnClassCondition)

   RSocketServerAutoConfiguration:
      Did not match:
         - @ConditionalOnClass did not find required class 'io.rsocket.RSocketFactory' (OnClassCondition)

   RSocketStrategiesAutoConfiguration:
      Did not match:
         - @ConditionalOnClass did not find required class 'io.netty.buffer.PooledByteBufAllocator' (OnClassCondition)

   RabbitAutoConfiguration:
      Did not match:
         - @ConditionalOnClass did not find required class 'com.rabbitmq.client.Channel' (OnClassCondition)

   ReactiveElasticsearchRepositoriesAutoConfiguration:
      Did not match:
         - @ConditionalOnClass did not find required class 'org.springframework.data.elasticsearch.client.reactive.ReactiveElasticsearchClient' (OnClassCondition)

   ReactiveOAuth2ClientAutoConfiguration:
      Did not match:
         - @ConditionalOnClass did not find required class 'reactor.core.publisher.Flux' (OnClassCondition)

   ReactiveOAuth2ResourceServerAutoConfiguration:
      Did not match:
         - @ConditionalOnClass did not find required class 'org.springframework.security.config.annotation.web.reactive.EnableWebFluxSecurity' (OnClassCondition)

   ReactiveRestClientAutoConfiguration:
      Did not match:
         - @ConditionalOnClass did not find required class 'reactor.netty.http.client.HttpClient' (OnClassCondition)

   ReactiveSecurityAutoConfiguration:
      Did not match:
         - @ConditionalOnClass did not find required class 'reactor.core.publisher.Flux' (OnClassCondition)

   ReactiveUserDetailsServiceAutoConfiguration:
      Did not match:
         - @ConditionalOnClass did not find required class 'org.springframework.security.authentication.ReactiveAuthenticationManager' (OnClassCondition)

   ReactiveWebServerFactoryAutoConfiguration:
      Did not match:
         - @ConditionalOnWebApplication did not find reactive web application classes (OnWebApplicationCondition)

   RedisAutoConfiguration:
      Did not match:
         - @ConditionalOnClass did not find required class 'org.springframework.data.redis.core.RedisOperations' (OnClassCondition)

   RedisCacheConfiguration:
      Did not match:
         - @ConditionalOnClass did not find required class 'org.springframework.data.redis.connection.RedisConnectionFactory' (OnClassCondition)

   RedisReactiveAutoConfiguration:
      Did not match:
         - @ConditionalOnClass did not find required class 'reactor.core.publisher.Flux' (OnClassCondition)

   RedisRepositoriesAutoConfiguration:
      Did not match:
         - @ConditionalOnClass did not find required class 'org.springframework.data.redis.repository.configuration.EnableRedisRepositories' (OnClassCondition)

   RepositoryRestMvcAutoConfiguration:
      Did not match:
         - @ConditionalOnClass did not find required class 'org.springframework.data.rest.webmvc.config.RepositoryRestMvcConfiguration' (OnClassCondition)

   RestClientAutoConfiguration:
      Did not match:
         - @ConditionalOnClass did not find required class 'org.elasticsearch.client.RestClient' (OnClassCondition)

   Saml2RelyingPartyAutoConfiguration:
      Did not match:
         - @ConditionalOnClass did not find required class 'org.springframework.security.saml2.provider.service.registration.RelyingPartyRegistrationRepository' (OnClassCondition)

   SecurityAutoConfiguration:
      Did not match:
         - @ConditionalOnClass did not find required class 'org.springframework.security.authentication.DefaultAuthenticationEventPublisher' (OnClassCondition)

   SecurityFilterAutoConfiguration:
      Did not match:
         - @ConditionalOnClass did not find required class 'org.springframework.security.config.http.SessionCreationPolicy' (OnClassCondition)

   SendGridAutoConfiguration:
      Did not match:
         - @ConditionalOnClass did not find required class 'com.sendgrid.SendGrid' (OnClassCondition)

   ServletWebServerFactoryAutoConfiguration#forwardedHeaderFilter:
      Did not match:
         - @ConditionalOnProperty (server.forward-headers-strategy=framework) did not find property 'server.forward-headers-strategy' (OnPropertyCondition)

   ServletWebServerFactoryConfiguration.EmbeddedJetty:
      Did not match:
         - @ConditionalOnClass did not find required classes 'org.eclipse.jetty.server.Server', 'org.eclipse.jetty.util.Loader', 'org.eclipse.jetty.webapp.WebAppContext' (OnClassCondition)

   ServletWebServerFactoryConfiguration.EmbeddedUndertow:
      Did not match:
         - @ConditionalOnClass did not find required classes 'io.undertow.Undertow', 'org.xnio.SslClientAuthMode' (OnClassCondition)

   SessionAutoConfiguration:
      Did not match:
         - @ConditionalOnClass did not find required class 'org.springframework.session.Session' (OnClassCondition)

   SolrAutoConfiguration:
      Did not match:
         - @ConditionalOnClass did not find required class 'org.apache.solr.client.solrj.impl.CloudSolrClient' (OnClassCondition)

   SolrRepositoriesAutoConfiguration:
      Did not match:
         - @ConditionalOnClass did not find required class 'org.apache.solr.client.solrj.SolrClient' (OnClassCondition)

   SpringApplicationAdminJmxAutoConfiguration:
      Did not match:
         - @ConditionalOnProperty (spring.application.admin.enabled=true) did not find property 'enabled' (OnPropertyCondition)

   TaskSchedulingAutoConfiguration#taskScheduler:
      Did not match:
         - @ConditionalOnBean (names: org.springframework.context.annotation.internalScheduledAnnotationProcessor; ; SearchStrategy: all) did not find any beans named org.springframework.context.annotation.internalScheduledAnnotationProcessor (OnBeanCondition)

   ThymeleafAutoConfiguration:
      Did not match:
         - @ConditionalOnClass did not find required class 'org.thymeleaf.spring5.SpringTemplateEngine' (OnClassCondition)

   TransactionAutoConfiguration#transactionalOperator:
      Did not match:
         - @ConditionalOnBean (types: org.springframework.transaction.ReactiveTransactionManager; SearchStrategy: all) did not find any beans (OnBeanCondition)

   TransactionAutoConfiguration.EnableTransactionManagementConfiguration.JdkDynamicAutoProxyConfiguration:
      Did not match:
         - @ConditionalOnProperty (spring.aop.proxy-target-class=false) did not find property 'proxy-target-class' (OnPropertyCondition)

   UserDetailsServiceAutoConfiguration:
      Did not match:
         - @ConditionalOnClass did not find required class 'org.springframework.security.authentication.AuthenticationManager' (OnClassCondition)

   WebClientAutoConfiguration:
      Did not match:
         - @ConditionalOnClass did not find required class 'org.springframework.web.reactive.function.client.WebClient' (OnClassCondition)

   WebFluxAutoConfiguration:
      Did not match:
         - @ConditionalOnClass did not find required class 'org.springframework.web.reactive.config.WebFluxConfigurer' (OnClassCondition)

   WebMvcAutoConfiguration#hiddenHttpMethodFilter:
      Did not match:
         - @ConditionalOnProperty (spring.mvc.hiddenmethod.filter.enabled) did not find property 'enabled' (OnPropertyCondition)

   WebMvcAutoConfiguration.ResourceChainCustomizerConfiguration:
      Did not match:
         - @ConditionalOnEnabledResourceChain did not find class org.webjars.WebJarAssetLocator (OnEnabledResourceChainCondition)

   WebMvcAutoConfiguration.WebMvcAutoConfigurationAdapter#beanNameViewResolver:
      Did not match:
         - @ConditionalOnBean (types: org.springframework.web.servlet.view.BeanNameViewResolver; SearchStrategy: all) found beans of type 'org.springframework.web.servlet.view.BeanNameViewResolver' beanNameViewResolver (OnBeanCondition)

   WebMvcAutoConfiguration.WebMvcAutoConfigurationAdapter#localeResolver:
      Did not match:
         - @ConditionalOnProperty (spring.mvc.locale) did not find property 'locale' (OnPropertyCondition)

   WebServiceTemplateAutoConfiguration:
      Did not match:
         - @ConditionalOnClass did not find required class 'org.springframework.oxm.Marshaller' (OnClassCondition)

   WebServicesAutoConfiguration:
      Did not match:
         - @ConditionalOnClass did not find required class 'org.springframework.ws.transport.http.MessageDispatcherServlet' (OnClassCondition)

   WebSocketMessagingAutoConfiguration:
      Did not match:
         - @ConditionalOnClass did not find required class 'org.springframework.web.socket.config.annotation.WebSocketMessageBrokerConfigurer' (OnClassCondition)

   WebSocketReactiveAutoConfiguration:
      Did not match:
         - @ConditionalOnWebApplication did not find reactive web application classes (OnWebApplicationCondition)

   WebSocketServletAutoConfiguration.JettyWebSocketConfiguration:
      Did not match:
         - @ConditionalOnClass did not find required class 'org.eclipse.jetty.websocket.jsr356.server.deploy.WebSocketServerContainerInitializer' (OnClassCondition)

   WebSocketServletAutoConfiguration.UndertowWebSocketConfiguration:
      Did not match:
         - @ConditionalOnClass did not find required class 'io.undertow.websockets.jsr.Bootstrap' (OnClassCondition)

   XADataSourceAutoConfiguration:
      Did not match:
         - @ConditionalOnBean (types: org.springframework.boot.jdbc.XADataSourceWrapper; SearchStrategy: all) did not find any beans of type org.springframework.boot.jdbc.XADataSourceWrapper (OnBeanCondition)
      Matched:
         - @ConditionalOnClass found required classes 'javax.sql.DataSource', 'javax.transaction.TransactionManager', 'org.springframework.jdbc.datasource.embedded.EmbeddedDatabaseType' (OnClassCondition)


Exclusions:
-----------

    None


Unconditional classes:
----------------------

    org.springframework.boot.autoconfigure.context.ConfigurationPropertiesAutoConfiguration

    org.springframework.boot.autoconfigure.context.PropertyPlaceholderAutoConfiguration

    org.springframework.boot.autoconfigure.info.ProjectInfoAutoConfiguration



2020-05-11 20:24:02.758  INFO 43701 --- [main] o.s.b.w.embedded.tomcat.TomcatWebServer  : Tomcat started on port(s): 1234 (http) with context path ''
2020-05-11 20:24:02.762  INFO 43701 --- [main] c.e.restservice.RestServiceApplication   : Started RestServiceApplication in 3.468 seconds (JVM running for 3.903)
2020-05-11 20:24:02.844  INFO 43701 --- [main] o.hibernate.jpa.internal.util.LogHelper  : HHH000204: Processing PersistenceUnitInfo [name: StateTable]
2020-05-11 20:24:02.869  WARN 43701 --- [main] org.hibernate.orm.url                    : HHH10000002: File or directory named by URL [file:/Users/ilankleiman/Desktop/Development/CSE416Project/backend/build/libs/rest-service-0.0.1-SNAPSHOT.jar!/BOOT-INF/classes] could not be found.  URL will be ignored

java.io.FileNotFoundException: /Users/ilankleiman/Desktop/Development/CSE416Project/backend/build/libs/rest-service-0.0.1-SNAPSHOT.jar!/BOOT-INF/classes (No such file or directory)
	at java.util.zip.ZipFile.open(Native Method) ~[na:1.8.0_231]
	at java.util.zip.ZipFile.<init>(ZipFile.java:225) ~[na:1.8.0_231]
	at java.util.zip.ZipFile.<init>(ZipFile.java:155) ~[na:1.8.0_231]
	at java.util.jar.JarFile.<init>(JarFile.java:166) ~[na:1.8.0_231]
	at java.util.jar.JarFile.<init>(JarFile.java:103) ~[na:1.8.0_231]
	at org.hibernate.boot.archive.internal.JarFileBasedArchiveDescriptor.resolveJarFileReference(JarFileBasedArchiveDescriptor.java:168) [hibernate-core-5.4.6.Final.jar!/:5.4.6.Final]
	at org.hibernate.boot.archive.internal.JarFileBasedArchiveDescriptor.visitArchive(JarFileBasedArchiveDescriptor.java:51) [hibernate-core-5.4.6.Final.jar!/:5.4.6.Final]
	at org.hibernate.boot.archive.scan.spi.AbstractScannerImpl.scan(AbstractScannerImpl.java:47) [hibernate-core-5.4.6.Final.jar!/:5.4.6.Final]
	at org.hibernate.boot.model.process.internal.ScanningCoordinator.coordinateScan(ScanningCoordinator.java:76) [hibernate-core-5.4.6.Final.jar!/:5.4.6.Final]
	at org.hibernate.boot.model.process.spi.MetadataBuildingProcess.prepare(MetadataBuildingProcess.java:98) [hibernate-core-5.4.6.Final.jar!/:5.4.6.Final]
	at org.hibernate.jpa.boot.internal.EntityManagerFactoryBuilderImpl.<init>(EntityManagerFactoryBuilderImpl.java:234) [hibernate-core-5.4.6.Final.jar!/:5.4.6.Final]
	at org.hibernate.jpa.boot.internal.EntityManagerFactoryBuilderImpl.<init>(EntityManagerFactoryBuilderImpl.java:174) [hibernate-core-5.4.6.Final.jar!/:5.4.6.Final]
	at org.hibernate.jpa.boot.spi.Bootstrap.getEntityManagerFactoryBuilder(Bootstrap.java:76) [hibernate-core-5.4.6.Final.jar!/:5.4.6.Final]
	at org.hibernate.jpa.HibernatePersistenceProvider.getEntityManagerFactoryBuilder(HibernatePersistenceProvider.java:171) [hibernate-core-5.4.6.Final.jar!/:5.4.6.Final]
	at org.hibernate.jpa.HibernatePersistenceProvider.getEntityManagerFactoryBuilderOrNull(HibernatePersistenceProvider.java:119) [hibernate-core-5.4.6.Final.jar!/:5.4.6.Final]
	at org.hibernate.jpa.HibernatePersistenceProvider.getEntityManagerFactoryBuilderOrNull(HibernatePersistenceProvider.java:61) [hibernate-core-5.4.6.Final.jar!/:5.4.6.Final]
	at org.hibernate.jpa.HibernatePersistenceProvider.createEntityManagerFactory(HibernatePersistenceProvider.java:50) [hibernate-core-5.4.6.Final.jar!/:5.4.6.Final]
	at javax.persistence.Persistence.createEntityManagerFactory(Persistence.java:79) [javax.persistence-api-2.2.jar!/:2.2]
	at javax.persistence.Persistence.createEntityManagerFactory(Persistence.java:54) [javax.persistence-api-2.2.jar!/:2.2]
	at com.electiondataquality.restservice.RestServiceApplication.run(RestServiceApplication.java:54) [classes!/:na]
	at org.springframework.boot.SpringApplication.callRunner(SpringApplication.java:784) [spring-boot-2.2.0.RELEASE.jar!/:2.2.0.RELEASE]
	at org.springframework.boot.SpringApplication.callRunners(SpringApplication.java:768) [spring-boot-2.2.0.RELEASE.jar!/:2.2.0.RELEASE]
	at org.springframework.boot.SpringApplication.run(SpringApplication.java:322) [spring-boot-2.2.0.RELEASE.jar!/:2.2.0.RELEASE]
	at org.springframework.boot.SpringApplication.run(SpringApplication.java:1226) [spring-boot-2.2.0.RELEASE.jar!/:2.2.0.RELEASE]
	at org.springframework.boot.SpringApplication.run(SpringApplication.java:1215) [spring-boot-2.2.0.RELEASE.jar!/:2.2.0.RELEASE]
	at com.electiondataquality.restservice.RestServiceApplication.main(RestServiceApplication.java:44) [classes!/:na]
	at sun.reflect.NativeMethodAccessorImpl.invoke0(Native Method) ~[na:1.8.0_231]
	at sun.reflect.NativeMethodAccessorImpl.invoke(NativeMethodAccessorImpl.java:62) ~[na:1.8.0_231]
	at sun.reflect.DelegatingMethodAccessorImpl.invoke(DelegatingMethodAccessorImpl.java:43) ~[na:1.8.0_231]
	at java.lang.reflect.Method.invoke(Method.java:498) ~[na:1.8.0_231]
	at org.springframework.boot.loader.MainMethodRunner.run(MainMethodRunner.java:48) [rest-service-0.0.1-SNAPSHOT.jar:na]
	at org.springframework.boot.loader.Launcher.launch(Launcher.java:87) [rest-service-0.0.1-SNAPSHOT.jar:na]
	at org.springframework.boot.loader.Launcher.launch(Launcher.java:51) [rest-service-0.0.1-SNAPSHOT.jar:na]
	at org.springframework.boot.loader.JarLauncher.main(JarLauncher.java:52) [rest-service-0.0.1-SNAPSHOT.jar:na]

2020-05-11 20:24:02.874  WARN 43701 --- [main] org.hibernate.orm.connections.pooling    : HHH10001002: Using Hibernate built-in connection pool (not for production use!)
2020-05-11 20:24:02.875  INFO 43701 --- [main] org.hibernate.orm.connections.pooling    : HHH10001005: using driver [com.mysql.cj.jdbc.Driver] at URL [jdbc:mysql://45.55.121.121:3306/jerryman?useUnicode=true&useJDBCCompliantTimezoneShift=true&useLegacyDatetimeCode=false&serverTimezone=UTC]
2020-05-11 20:24:02.876  INFO 43701 --- [main] org.hibernate.orm.connections.pooling    : HHH10001001: Connection properties: {user=jerryman, password=****}
2020-05-11 20:24:02.876  INFO 43701 --- [main] org.hibernate.orm.connections.pooling    : HHH10001003: Autocommit mode: false
2020-05-11 20:24:02.880  INFO 43701 --- [main] .c.i.DriverManagerConnectionProviderImpl : HHH000115: Hibernate connection pool size: 20 (min=1)
2020-05-11 20:24:03.217  INFO 43701 --- [main] org.hibernate.dialect.Dialect            : HHH000400: Using dialect: org.hibernate.dialect.MySQL5Dialect
2020-05-11 20:24:03.774  INFO 43701 --- [main] o.h.e.t.j.p.i.JtaPlatformInitiator       : HHH000490: Using JtaPlatform implementation: [org.hibernate.engine.transaction.jta.platform.internal.NoJtaPlatform]
2020-05-11 20:24:03.780  INFO 43701 --- [main] o.hibernate.jpa.internal.util.LogHelper  : HHH000204: Processing PersistenceUnitInfo [name: CountyTable]
2020-05-11 20:24:03.782  WARN 43701 --- [main] org.hibernate.orm.url                    : HHH10000002: File or directory named by URL [file:/Users/ilankleiman/Desktop/Development/CSE416Project/backend/build/libs/rest-service-0.0.1-SNAPSHOT.jar!/BOOT-INF/classes] could not be found.  URL will be ignored

java.io.FileNotFoundException: /Users/ilankleiman/Desktop/Development/CSE416Project/backend/build/libs/rest-service-0.0.1-SNAPSHOT.jar!/BOOT-INF/classes (No such file or directory)
	at java.util.zip.ZipFile.open(Native Method) ~[na:1.8.0_231]
	at java.util.zip.ZipFile.<init>(ZipFile.java:225) ~[na:1.8.0_231]
	at java.util.zip.ZipFile.<init>(ZipFile.java:155) ~[na:1.8.0_231]
	at java.util.jar.JarFile.<init>(JarFile.java:166) ~[na:1.8.0_231]
	at java.util.jar.JarFile.<init>(JarFile.java:103) ~[na:1.8.0_231]
	at org.hibernate.boot.archive.internal.JarFileBasedArchiveDescriptor.resolveJarFileReference(JarFileBasedArchiveDescriptor.java:168) [hibernate-core-5.4.6.Final.jar!/:5.4.6.Final]
	at org.hibernate.boot.archive.internal.JarFileBasedArchiveDescriptor.visitArchive(JarFileBasedArchiveDescriptor.java:51) [hibernate-core-5.4.6.Final.jar!/:5.4.6.Final]
	at org.hibernate.boot.archive.scan.spi.AbstractScannerImpl.scan(AbstractScannerImpl.java:47) [hibernate-core-5.4.6.Final.jar!/:5.4.6.Final]
	at org.hibernate.boot.model.process.internal.ScanningCoordinator.coordinateScan(ScanningCoordinator.java:76) [hibernate-core-5.4.6.Final.jar!/:5.4.6.Final]
	at org.hibernate.boot.model.process.spi.MetadataBuildingProcess.prepare(MetadataBuildingProcess.java:98) [hibernate-core-5.4.6.Final.jar!/:5.4.6.Final]
	at org.hibernate.jpa.boot.internal.EntityManagerFactoryBuilderImpl.<init>(EntityManagerFactoryBuilderImpl.java:234) [hibernate-core-5.4.6.Final.jar!/:5.4.6.Final]
	at org.hibernate.jpa.boot.internal.EntityManagerFactoryBuilderImpl.<init>(EntityManagerFactoryBuilderImpl.java:174) [hibernate-core-5.4.6.Final.jar!/:5.4.6.Final]
	at org.hibernate.jpa.boot.spi.Bootstrap.getEntityManagerFactoryBuilder(Bootstrap.java:76) [hibernate-core-5.4.6.Final.jar!/:5.4.6.Final]
	at org.hibernate.jpa.HibernatePersistenceProvider.getEntityManagerFactoryBuilder(HibernatePersistenceProvider.java:171) [hibernate-core-5.4.6.Final.jar!/:5.4.6.Final]
	at org.hibernate.jpa.HibernatePersistenceProvider.getEntityManagerFactoryBuilderOrNull(HibernatePersistenceProvider.java:119) [hibernate-core-5.4.6.Final.jar!/:5.4.6.Final]
	at org.hibernate.jpa.HibernatePersistenceProvider.getEntityManagerFactoryBuilderOrNull(HibernatePersistenceProvider.java:61) [hibernate-core-5.4.6.Final.jar!/:5.4.6.Final]
	at org.hibernate.jpa.HibernatePersistenceProvider.createEntityManagerFactory(HibernatePersistenceProvider.java:50) [hibernate-core-5.4.6.Final.jar!/:5.4.6.Final]
	at javax.persistence.Persistence.createEntityManagerFactory(Persistence.java:79) [javax.persistence-api-2.2.jar!/:2.2]
	at javax.persistence.Persistence.createEntityManagerFactory(Persistence.java:54) [javax.persistence-api-2.2.jar!/:2.2]
	at com.electiondataquality.restservice.RestServiceApplication.run(RestServiceApplication.java:56) [classes!/:na]
	at org.springframework.boot.SpringApplication.callRunner(SpringApplication.java:784) [spring-boot-2.2.0.RELEASE.jar!/:2.2.0.RELEASE]
	at org.springframework.boot.SpringApplication.callRunners(SpringApplication.java:768) [spring-boot-2.2.0.RELEASE.jar!/:2.2.0.RELEASE]
	at org.springframework.boot.SpringApplication.run(SpringApplication.java:322) [spring-boot-2.2.0.RELEASE.jar!/:2.2.0.RELEASE]
	at org.springframework.boot.SpringApplication.run(SpringApplication.java:1226) [spring-boot-2.2.0.RELEASE.jar!/:2.2.0.RELEASE]
	at org.springframework.boot.SpringApplication.run(SpringApplication.java:1215) [spring-boot-2.2.0.RELEASE.jar!/:2.2.0.RELEASE]
	at com.electiondataquality.restservice.RestServiceApplication.main(RestServiceApplication.java:44) [classes!/:na]
	at sun.reflect.NativeMethodAccessorImpl.invoke0(Native Method) ~[na:1.8.0_231]
	at sun.reflect.NativeMethodAccessorImpl.invoke(NativeMethodAccessorImpl.java:62) ~[na:1.8.0_231]
	at sun.reflect.DelegatingMethodAccessorImpl.invoke(DelegatingMethodAccessorImpl.java:43) ~[na:1.8.0_231]
	at java.lang.reflect.Method.invoke(Method.java:498) ~[na:1.8.0_231]
	at org.springframework.boot.loader.MainMethodRunner.run(MainMethodRunner.java:48) [rest-service-0.0.1-SNAPSHOT.jar:na]
	at org.springframework.boot.loader.Launcher.launch(Launcher.java:87) [rest-service-0.0.1-SNAPSHOT.jar:na]
	at org.springframework.boot.loader.Launcher.launch(Launcher.java:51) [rest-service-0.0.1-SNAPSHOT.jar:na]
	at org.springframework.boot.loader.JarLauncher.main(JarLauncher.java:52) [rest-service-0.0.1-SNAPSHOT.jar:na]

2020-05-11 20:24:03.783  WARN 43701 --- [main] org.hibernate.orm.connections.pooling    : HHH10001002: Using Hibernate built-in connection pool (not for production use!)
2020-05-11 20:24:03.783  INFO 43701 --- [main] org.hibernate.orm.connections.pooling    : HHH10001005: using driver [com.mysql.cj.jdbc.Driver] at URL [jdbc:mysql://45.55.121.121:3306/jerryman?useUnicode=true&useJDBCCompliantTimezoneShift=true&useLegacyDatetimeCode=false&serverTimezone=UTC]
2020-05-11 20:24:03.783  INFO 43701 --- [main] org.hibernate.orm.connections.pooling    : HHH10001001: Connection properties: {user=jerryman, password=****}
2020-05-11 20:24:03.783  INFO 43701 --- [main] org.hibernate.orm.connections.pooling    : HHH10001003: Autocommit mode: false
2020-05-11 20:24:03.783  INFO 43701 --- [main] .c.i.DriverManagerConnectionProviderImpl : HHH000115: Hibernate connection pool size: 20 (min=1)
2020-05-11 20:24:04.153  INFO 43701 --- [main] org.hibernate.dialect.Dialect            : HHH000400: Using dialect: org.hibernate.dialect.MySQL5Dialect
2020-05-11 20:24:04.236  INFO 43701 --- [main] o.h.e.t.j.p.i.JtaPlatformInitiator       : HHH000490: Using JtaPlatform implementation: [org.hibernate.engine.transaction.jta.platform.internal.NoJtaPlatform]
2020-05-11 20:24:04.241  INFO 43701 --- [main] o.hibernate.jpa.internal.util.LogHelper  : HHH000204: Processing PersistenceUnitInfo [name: CongressionalDistrictTable]
2020-05-11 20:24:04.243  WARN 43701 --- [main] org.hibernate.orm.url                    : HHH10000002: File or directory named by URL [file:/Users/ilankleiman/Desktop/Development/CSE416Project/backend/build/libs/rest-service-0.0.1-SNAPSHOT.jar!/BOOT-INF/classes] could not be found.  URL will be ignored

java.io.FileNotFoundException: /Users/ilankleiman/Desktop/Development/CSE416Project/backend/build/libs/rest-service-0.0.1-SNAPSHOT.jar!/BOOT-INF/classes (No such file or directory)
	at java.util.zip.ZipFile.open(Native Method) ~[na:1.8.0_231]
	at java.util.zip.ZipFile.<init>(ZipFile.java:225) ~[na:1.8.0_231]
	at java.util.zip.ZipFile.<init>(ZipFile.java:155) ~[na:1.8.0_231]
	at java.util.jar.JarFile.<init>(JarFile.java:166) ~[na:1.8.0_231]
	at java.util.jar.JarFile.<init>(JarFile.java:103) ~[na:1.8.0_231]
	at org.hibernate.boot.archive.internal.JarFileBasedArchiveDescriptor.resolveJarFileReference(JarFileBasedArchiveDescriptor.java:168) [hibernate-core-5.4.6.Final.jar!/:5.4.6.Final]
	at org.hibernate.boot.archive.internal.JarFileBasedArchiveDescriptor.visitArchive(JarFileBasedArchiveDescriptor.java:51) [hibernate-core-5.4.6.Final.jar!/:5.4.6.Final]
	at org.hibernate.boot.archive.scan.spi.AbstractScannerImpl.scan(AbstractScannerImpl.java:47) [hibernate-core-5.4.6.Final.jar!/:5.4.6.Final]
	at org.hibernate.boot.model.process.internal.ScanningCoordinator.coordinateScan(ScanningCoordinator.java:76) [hibernate-core-5.4.6.Final.jar!/:5.4.6.Final]
	at org.hibernate.boot.model.process.spi.MetadataBuildingProcess.prepare(MetadataBuildingProcess.java:98) [hibernate-core-5.4.6.Final.jar!/:5.4.6.Final]
	at org.hibernate.jpa.boot.internal.EntityManagerFactoryBuilderImpl.<init>(EntityManagerFactoryBuilderImpl.java:234) [hibernate-core-5.4.6.Final.jar!/:5.4.6.Final]
	at org.hibernate.jpa.boot.internal.EntityManagerFactoryBuilderImpl.<init>(EntityManagerFactoryBuilderImpl.java:174) [hibernate-core-5.4.6.Final.jar!/:5.4.6.Final]
	at org.hibernate.jpa.boot.spi.Bootstrap.getEntityManagerFactoryBuilder(Bootstrap.java:76) [hibernate-core-5.4.6.Final.jar!/:5.4.6.Final]
	at org.hibernate.jpa.HibernatePersistenceProvider.getEntityManagerFactoryBuilder(HibernatePersistenceProvider.java:171) [hibernate-core-5.4.6.Final.jar!/:5.4.6.Final]
	at org.hibernate.jpa.HibernatePersistenceProvider.getEntityManagerFactoryBuilderOrNull(HibernatePersistenceProvider.java:119) [hibernate-core-5.4.6.Final.jar!/:5.4.6.Final]
	at org.hibernate.jpa.HibernatePersistenceProvider.getEntityManagerFactoryBuilderOrNull(HibernatePersistenceProvider.java:61) [hibernate-core-5.4.6.Final.jar!/:5.4.6.Final]
	at org.hibernate.jpa.HibernatePersistenceProvider.createEntityManagerFactory(HibernatePersistenceProvider.java:50) [hibernate-core-5.4.6.Final.jar!/:5.4.6.Final]
	at javax.persistence.Persistence.createEntityManagerFactory(Persistence.java:79) [javax.persistence-api-2.2.jar!/:2.2]
	at javax.persistence.Persistence.createEntityManagerFactory(Persistence.java:54) [javax.persistence-api-2.2.jar!/:2.2]
	at com.electiondataquality.restservice.RestServiceApplication.run(RestServiceApplication.java:58) [classes!/:na]
	at org.springframework.boot.SpringApplication.callRunner(SpringApplication.java:784) [spring-boot-2.2.0.RELEASE.jar!/:2.2.0.RELEASE]
	at org.springframework.boot.SpringApplication.callRunners(SpringApplication.java:768) [spring-boot-2.2.0.RELEASE.jar!/:2.2.0.RELEASE]
	at org.springframework.boot.SpringApplication.run(SpringApplication.java:322) [spring-boot-2.2.0.RELEASE.jar!/:2.2.0.RELEASE]
	at org.springframework.boot.SpringApplication.run(SpringApplication.java:1226) [spring-boot-2.2.0.RELEASE.jar!/:2.2.0.RELEASE]
	at org.springframework.boot.SpringApplication.run(SpringApplication.java:1215) [spring-boot-2.2.0.RELEASE.jar!/:2.2.0.RELEASE]
	at com.electiondataquality.restservice.RestServiceApplication.main(RestServiceApplication.java:44) [classes!/:na]
	at sun.reflect.NativeMethodAccessorImpl.invoke0(Native Method) ~[na:1.8.0_231]
	at sun.reflect.NativeMethodAccessorImpl.invoke(NativeMethodAccessorImpl.java:62) ~[na:1.8.0_231]
	at sun.reflect.DelegatingMethodAccessorImpl.invoke(DelegatingMethodAccessorImpl.java:43) ~[na:1.8.0_231]
	at java.lang.reflect.Method.invoke(Method.java:498) ~[na:1.8.0_231]
	at org.springframework.boot.loader.MainMethodRunner.run(MainMethodRunner.java:48) [rest-service-0.0.1-SNAPSHOT.jar:na]
	at org.springframework.boot.loader.Launcher.launch(Launcher.java:87) [rest-service-0.0.1-SNAPSHOT.jar:na]
	at org.springframework.boot.loader.Launcher.launch(Launcher.java:51) [rest-service-0.0.1-SNAPSHOT.jar:na]
	at org.springframework.boot.loader.JarLauncher.main(JarLauncher.java:52) [rest-service-0.0.1-SNAPSHOT.jar:na]

2020-05-11 20:24:04.244  WARN 43701 --- [main] org.hibernate.orm.connections.pooling    : HHH10001002: Using Hibernate built-in connection pool (not for production use!)
2020-05-11 20:24:04.244  INFO 43701 --- [main] org.hibernate.orm.connections.pooling    : HHH10001005: using driver [com.mysql.cj.jdbc.Driver] at URL [jdbc:mysql://45.55.121.121:3306/jerryman?useUnicode=true&useJDBCCompliantTimezoneShift=true&useLegacyDatetimeCode=false&serverTimezone=UTC]
2020-05-11 20:24:04.244  INFO 43701 --- [main] org.hibernate.orm.connections.pooling    : HHH10001001: Connection properties: {user=jerryman, password=****}
2020-05-11 20:24:04.244  INFO 43701 --- [main] org.hibernate.orm.connections.pooling    : HHH10001003: Autocommit mode: false
2020-05-11 20:24:04.244  INFO 43701 --- [main] .c.i.DriverManagerConnectionProviderImpl : HHH000115: Hibernate connection pool size: 20 (min=1)
2020-05-11 20:24:04.720  INFO 43701 --- [main] org.hibernate.dialect.Dialect            : HHH000400: Using dialect: org.hibernate.dialect.MySQL5Dialect
2020-05-11 20:24:04.805  INFO 43701 --- [main] o.h.e.t.j.p.i.JtaPlatformInitiator       : HHH000490: Using JtaPlatform implementation: [org.hibernate.engine.transaction.jta.platform.internal.NoJtaPlatform]
2020-05-11 20:24:04.811  INFO 43701 --- [main] o.hibernate.jpa.internal.util.LogHelper  : HHH000204: Processing PersistenceUnitInfo [name: PrecinctTable]
2020-05-11 20:24:04.815  WARN 43701 --- [main] org.hibernate.orm.url                    : HHH10000002: File or directory named by URL [file:/Users/ilankleiman/Desktop/Development/CSE416Project/backend/build/libs/rest-service-0.0.1-SNAPSHOT.jar!/BOOT-INF/classes] could not be found.  URL will be ignored

java.io.FileNotFoundException: /Users/ilankleiman/Desktop/Development/CSE416Project/backend/build/libs/rest-service-0.0.1-SNAPSHOT.jar!/BOOT-INF/classes (No such file or directory)
	at java.util.zip.ZipFile.open(Native Method) ~[na:1.8.0_231]
	at java.util.zip.ZipFile.<init>(ZipFile.java:225) ~[na:1.8.0_231]
	at java.util.zip.ZipFile.<init>(ZipFile.java:155) ~[na:1.8.0_231]
	at java.util.jar.JarFile.<init>(JarFile.java:166) ~[na:1.8.0_231]
	at java.util.jar.JarFile.<init>(JarFile.java:103) ~[na:1.8.0_231]
	at org.hibernate.boot.archive.internal.JarFileBasedArchiveDescriptor.resolveJarFileReference(JarFileBasedArchiveDescriptor.java:168) [hibernate-core-5.4.6.Final.jar!/:5.4.6.Final]
	at org.hibernate.boot.archive.internal.JarFileBasedArchiveDescriptor.visitArchive(JarFileBasedArchiveDescriptor.java:51) [hibernate-core-5.4.6.Final.jar!/:5.4.6.Final]
	at org.hibernate.boot.archive.scan.spi.AbstractScannerImpl.scan(AbstractScannerImpl.java:47) [hibernate-core-5.4.6.Final.jar!/:5.4.6.Final]
	at org.hibernate.boot.model.process.internal.ScanningCoordinator.coordinateScan(ScanningCoordinator.java:76) [hibernate-core-5.4.6.Final.jar!/:5.4.6.Final]
	at org.hibernate.boot.model.process.spi.MetadataBuildingProcess.prepare(MetadataBuildingProcess.java:98) [hibernate-core-5.4.6.Final.jar!/:5.4.6.Final]
	at org.hibernate.jpa.boot.internal.EntityManagerFactoryBuilderImpl.<init>(EntityManagerFactoryBuilderImpl.java:234) [hibernate-core-5.4.6.Final.jar!/:5.4.6.Final]
	at org.hibernate.jpa.boot.internal.EntityManagerFactoryBuilderImpl.<init>(EntityManagerFactoryBuilderImpl.java:174) [hibernate-core-5.4.6.Final.jar!/:5.4.6.Final]
	at org.hibernate.jpa.boot.spi.Bootstrap.getEntityManagerFactoryBuilder(Bootstrap.java:76) [hibernate-core-5.4.6.Final.jar!/:5.4.6.Final]
	at org.hibernate.jpa.HibernatePersistenceProvider.getEntityManagerFactoryBuilder(HibernatePersistenceProvider.java:171) [hibernate-core-5.4.6.Final.jar!/:5.4.6.Final]
	at org.hibernate.jpa.HibernatePersistenceProvider.getEntityManagerFactoryBuilderOrNull(HibernatePersistenceProvider.java:119) [hibernate-core-5.4.6.Final.jar!/:5.4.6.Final]
	at org.hibernate.jpa.HibernatePersistenceProvider.getEntityManagerFactoryBuilderOrNull(HibernatePersistenceProvider.java:61) [hibernate-core-5.4.6.Final.jar!/:5.4.6.Final]
	at org.hibernate.jpa.HibernatePersistenceProvider.createEntityManagerFactory(HibernatePersistenceProvider.java:50) [hibernate-core-5.4.6.Final.jar!/:5.4.6.Final]
	at javax.persistence.Persistence.createEntityManagerFactory(Persistence.java:79) [javax.persistence-api-2.2.jar!/:2.2]
	at javax.persistence.Persistence.createEntityManagerFactory(Persistence.java:54) [javax.persistence-api-2.2.jar!/:2.2]
	at com.electiondataquality.restservice.RestServiceApplication.run(RestServiceApplication.java:60) [classes!/:na]
	at org.springframework.boot.SpringApplication.callRunner(SpringApplication.java:784) [spring-boot-2.2.0.RELEASE.jar!/:2.2.0.RELEASE]
	at org.springframework.boot.SpringApplication.callRunners(SpringApplication.java:768) [spring-boot-2.2.0.RELEASE.jar!/:2.2.0.RELEASE]
	at org.springframework.boot.SpringApplication.run(SpringApplication.java:322) [spring-boot-2.2.0.RELEASE.jar!/:2.2.0.RELEASE]
	at org.springframework.boot.SpringApplication.run(SpringApplication.java:1226) [spring-boot-2.2.0.RELEASE.jar!/:2.2.0.RELEASE]
	at org.springframework.boot.SpringApplication.run(SpringApplication.java:1215) [spring-boot-2.2.0.RELEASE.jar!/:2.2.0.RELEASE]
	at com.electiondataquality.restservice.RestServiceApplication.main(RestServiceApplication.java:44) [classes!/:na]
	at sun.reflect.NativeMethodAccessorImpl.invoke0(Native Method) ~[na:1.8.0_231]
	at sun.reflect.NativeMethodAccessorImpl.invoke(NativeMethodAccessorImpl.java:62) ~[na:1.8.0_231]
	at sun.reflect.DelegatingMethodAccessorImpl.invoke(DelegatingMethodAccessorImpl.java:43) ~[na:1.8.0_231]
	at java.lang.reflect.Method.invoke(Method.java:498) ~[na:1.8.0_231]
	at org.springframework.boot.loader.MainMethodRunner.run(MainMethodRunner.java:48) [rest-service-0.0.1-SNAPSHOT.jar:na]
	at org.springframework.boot.loader.Launcher.launch(Launcher.java:87) [rest-service-0.0.1-SNAPSHOT.jar:na]
	at org.springframework.boot.loader.Launcher.launch(Launcher.java:51) [rest-service-0.0.1-SNAPSHOT.jar:na]
	at org.springframework.boot.loader.JarLauncher.main(JarLauncher.java:52) [rest-service-0.0.1-SNAPSHOT.jar:na]

2020-05-11 20:24:04.816  WARN 43701 --- [main] org.hibernate.orm.connections.pooling    : HHH10001002: Using Hibernate built-in connection pool (not for production use!)
2020-05-11 20:24:04.816  INFO 43701 --- [main] org.hibernate.orm.connections.pooling    : HHH10001005: using driver [com.mysql.cj.jdbc.Driver] at URL [jdbc:mysql://45.55.121.121:3306/jerryman?useUnicode=true&useJDBCCompliantTimezoneShift=true&useLegacyDatetimeCode=false&serverTimezone=UTC]
2020-05-11 20:24:04.816  INFO 43701 --- [main] org.hibernate.orm.connections.pooling    : HHH10001001: Connection properties: {user=jerryman, password=****}
2020-05-11 20:24:04.816  INFO 43701 --- [main] org.hibernate.orm.connections.pooling    : HHH10001003: Autocommit mode: false
2020-05-11 20:24:04.816  INFO 43701 --- [main] .c.i.DriverManagerConnectionProviderImpl : HHH000115: Hibernate connection pool size: 20 (min=1)
2020-05-11 20:24:05.227  INFO 43701 --- [main] org.hibernate.dialect.Dialect            : HHH000400: Using dialect: org.hibernate.dialect.MySQL5Dialect
2020-05-11 20:24:05.317  INFO 43701 --- [main] o.h.e.t.j.p.i.JtaPlatformInitiator       : HHH000490: Using JtaPlatform implementation: [org.hibernate.engine.transaction.jta.platform.internal.NoJtaPlatform]
2020-05-11 20:24:05.318  INFO 43701 --- [main] ElectionDataQuality                      : Application has started
2020-05-11 20:26:24.904 DEBUG 43701 --- [SpringContextShutdownHook] ConfigServletWebServerApplicationContext : Closing org.springframework.boot.web.servlet.context.AnnotationConfigServletWebServerApplicationContext@3ab39c39, started on Mon May 11 20:23:59 EDT 2020
2020-05-11 20:26:24.906  INFO 43701 --- [SpringContextShutdownHook] o.s.s.concurrent.ThreadPoolTaskExecutor  : Shutting down ExecutorService 'applicationTaskExecutor'
2020-05-11 20:26:24.907  INFO 43701 --- [SpringContextShutdownHook] j.LocalContainerEntityManagerFactoryBean : Closing JPA EntityManagerFactory for persistence unit 'default'
2020-05-11 20:26:24.909  INFO 43701 --- [SpringContextShutdownHook] com.zaxxer.hikari.HikariDataSource       : HikariPool-1 - Shutdown initiated...
2020-05-11 20:26:24.917  INFO 43701 --- [SpringContextShutdownHook] com.zaxxer.hikari.HikariDataSource       : HikariPool-1 - Shutdown completed.
